Current MAC: 00:1e:2a:48:01:7e (unknown)
Faked MAC:   00:1e:2a:48:01:7e (unknown)
It's the same MAC!!
RTNETLINK answers: File exists
xhost:  unable to open display ""
pmip6d[3991]: MIPL Mobile IPv6 for Linux v2.0.2-umip-0.4 started (Mobile Access Gateway)
Wed Jun 29 17:44:16 main: MIPL Mobile IPv6 for Linux started in debug mode, not detaching from terminal
Wed Jun 29 17:44:16 conf_show: config_file = /usr/local/src/mipv6-daemon-umip-0.4/extras/example-mag2.conf
Wed Jun 29 17:44:16 conf_show: mip6_entity = 3
Wed Jun 29 17:44:16 conf_show: debug_level = 10
Wed Jun 29 17:44:16 conf_show: debug_log_file = stderr
Wed Jun 29 17:44:16 conf_show: PolicyModulePath = [internal]
Wed Jun 29 17:44:16 conf_show: DefaultBindingAclPolicy = 0
Wed Jun 29 17:44:16 conf_show: NonVolatileBindingCache = disabled
Wed Jun 29 17:44:16 conf_show: KeyMngMobCapability = disabled
Wed Jun 29 17:44:16 conf_show: UseMnHaIPsec = disabled
Wed Jun 29 17:44:16 conf_show: MnMaxHaBindingLife = 262140
Wed Jun 29 17:44:16 conf_show: MnMaxCnBindingLife = 420
Wed Jun 29 17:44:16 conf_show: MnRouterProbes = 0
Wed Jun 29 17:44:16 conf_show: MnRouterProbeTimeout = 0.000000
Wed Jun 29 17:44:16 conf_show: InitialBindackTimeoutFirstReg = 1.500000
Wed Jun 29 17:44:16 conf_show: InitialBindackTimeoutReReg = 1.000000
Wed Jun 29 17:44:16 conf_show: UseCnBuAck = disabled
Wed Jun 29 17:44:16 conf_show: DoRouteOptimizationMN = disabled
Wed Jun 29 17:44:16 conf_show: MnUseAllInterfaces = disabled
Wed Jun 29 17:44:16 conf_show: MnDiscardHaParamProb = disabled
Wed Jun 29 17:44:16 conf_show: SendMobPfxSols = enabled
Wed Jun 29 17:44:16 conf_show: OptimisticHandoff = disabled
Wed Jun 29 17:44:16 conf_show: SendMobPfxAdvs = enabled
Wed Jun 29 17:44:16 conf_show: SendUnsolMobPfxAdvs = enabled
Wed Jun 29 17:44:16 conf_show: MaxMobPfxAdvInterval = 86400
Wed Jun 29 17:44:16 conf_show: MinMobPfxAdvInterval = 600
Wed Jun 29 17:44:16 conf_show: HaMaxBindingLife = 262140
Wed Jun 29 17:44:16 conf_show: DoRouteOptimizationCN = disabled
Wed Jun 29 17:44:16 conf_show: AllLmaMulticastAddress    = 0:0:0:0:0:0:0:0
Wed Jun 29 17:44:16 conf_show: LmaAddress                = 2001:100:0:0:0:0:0:1
Wed Jun 29 17:44:16 conf_show: MagAddressIngress         = 2001:1:0:0:0:0:0:2
Wed Jun 29 17:44:16 conf_show: MagAddressEgress          = 2001:100:0:0:0:0:0:3
Wed Jun 29 17:44:16 conf_show: OurAddress                = 0:0:0:0:0:0:0:1
Wed Jun 29 17:44:16 conf_show: HomeNetworkPrefix         = 0:0:0:0:0:0:0:0
Wed Jun 29 17:44:16 conf_show: PBULifeTime               = 1000 seconds
Wed Jun 29 17:44:16 conf_show: PBALifeTime               = 1000 seconds
Wed Jun 29 17:44:16 conf_show: NRetransmissionTime       = 5 seconds
Wed Jun 29 17:44:16 conf_show: MaxMessageRetransmissions = 5
Wed Jun 29 17:44:16 conf_show: TunnelingEnabled          = enabled
Wed Jun 29 17:44:16 conf_show: DynamicTunnelingEnabled   = disabled
Wed Jun 29 17:44:16 conf_show: RadiusClientConfigFile    = /usr/local/etc/radiusclient/radiusclient.conf
Wed Jun 29 17:44:16 conf_show: RadiusPassword            = linux
Wed Jun 29 17:44:16 pmip_common_init: PMIP Binding Cache is initialized!
Wed Jun 29 17:44:16 pmip_common_init: Add default rule for RT6_TABLE_MIP6
Wed Jun 29 17:44:16 pmip_mag_init: Running as MAG entity
Wed Jun 29 17:44:16 pmip_mag_init: Entity Egress Address: 2001:100:0:0:0:0:0:3
Wed Jun 29 17:44:16 pmip_mag_init: Entity Ingress Address: 2001:1:0:0:0:0:0:2
Wed Jun 29 17:44:16 pmip_mag_init: Home Network Prefix Address: 2001:1:0:0:0:0:0:0
Wed Jun 29 17:44:16 pmip_mag_init: Initializing the NA handler
Wed Jun 29 17:44:16 pmip_mag_init: Initializing the RS handler
Wed Jun 29 17:44:16 pmip_mag_init: Initializing the PBA handler
Wed Jun 29 17:44:16 pmip_mag_init: Initializing the HNP cache
Wed Jun 29 17:44:16 pmip_mn_to_hnp_cache_init: 
Wed Jun 29 17:44:16 pmip_mn_to_hnp_cache_init: RADIUS client radius read config file OK
Wed Jun 29 17:44:16 pmip_mn_to_hnp_cache_init: client radius read dictionnary file OK
Wed Jun 29 17:44:16 pmip_mag_init: Getting ingress informations
Wed Jun 29 17:44:16 mag_get_ingress_info: The interface name of the device that is used for communicate with MNs is eth1
Wed Jun 29 17:44:16 pmip_mag_init: Starting capturing AP messages for incoming MNs detection
Wed Jun 29 17:44:16 pmip_pcap_loop: [PCAP] Device is eth1 and iif is 7
Wed Jun 29 17:45:10 pmip_pcap_loop: [PCAP] RECEIVED PACKET SIZE: 231 bytes caplen 231 bytes
Wed Jun 29 17:45:10 pmip_pcap_loop: Before conversion : 00146c53180a 
Wed Jun 29 17:45:10 pmip_pcap_msg_handler_deassociate: pmip_pcap_msg_handler_desassociate()
Wed Jun 29 17:45:10 pmip_cache_get: PMIP cache entry is NOT found for 2001:100:0:0:0:0:0:3 <-> 0:0:0:0:0:14:6c53:180a
Wed Jun 29 17:45:10 mag_fsm: BCE_NO_ENTRY
Wed Jun 29 17:45:10 mag_fsm: Received DEREG message
Wed Jun 29 17:45:10 mag_fsm: No action for this event (80) at current state (-1) !
Wed Jun 29 17:49:52 pmip_mag_recv_na: Neighbor Advertisement (NA) Received
Wed Jun 29 17:49:52 pmip_mag_recv_na: Received NA Src Addr: 2001:100:0:0:0:0:0:1
Wed Jun 29 17:49:52 pmip_mag_recv_na: Received NA Dst addr: fe80:0:0:0:226:b9ff:feda:3f00
Wed Jun 29 17:49:52 icmp_na_parse: NA Target: 2001:100:0:0:0:0:0:1
Wed Jun 29 17:49:52 pmip_cache_get: PMIP cache entry is NOT found for 2001:100:0:0:0:0:0:3 <-> 0:0:0:0:0:0:0:1
Wed Jun 29 17:49:52 mag_fsm: BCE_NO_ENTRY
Wed Jun 29 17:49:53 pmip_pcap_loop: [PCAP] RECEIVED PACKET SIZE: 163 bytes caplen 163 bytes
Wed Jun 29 17:49:53 pmip_pcap_loop: Before conversion : 00146c53180a 
Wed Jun 29 17:49:53 pmip_pcap_msg_handler_associate: pmip_pcap_msg_handler_associate()
Wed Jun 29 17:49:53 pmip_cache_get: PMIP cache entry is NOT found for 2001:100:0:0:0:0:0:3 <-> 0:0:0:0:0:14:6c53:180a
Wed Jun 29 17:49:53 mag_fsm: BCE_NO_ENTRY
Wed Jun 29 17:49:53 mag_fsm: Incoming MN is detected by CISCO AP, start new registration ...

Wed Jun 29 17:49:53 pmip_cache_alloc: PMIP cache entry is allocated..
Wed Jun 29 17:49:53 mnid_hnp_map: Entering the address match . . 
Wed Jun 29 17:49:53 mnid_hnp_map: Searching for MNID  0:0:0:0:0:14:6c53:180a  
Wed Jun 29 17:49:53 mnid_hnp_map: MNID not in cache  0:0:0:0:0:14:6c53:180a  
Wed Jun 29 17:49:53 mnid_hnp_map: RADIUS USER NAME 000000146c53180a
Wed Jun 29 17:49:53 mnid_hnp_map: RADIUS PASSWORD  linux
Wed Jun 29 17:49:53 mnid_hnp_map: [RADIUS] Assigned IPv6 @ for MN UID 0:0:0:0:0:14:6c53:180a <=> 2001:100:6:5000:0:0:0:0
Wed Jun 29 17:49:53 mnid_hnp_map: [RADIUS] "000000146c53180a" Authentication OK
Wed Jun 29 17:49:53 pmip_insert_into_hnp_cache: new entry in cache 2001:100:6:5000:0:0:0:0 -> 0:0:0:0:0:14:6c53:180a
Wed Jun 29 17:49:53 mag_pmip_md: Making BCE entry in MAG with HN prefix  2001:100:6:5000:0:0:0:0
Wed Jun 29 17:49:53 mag_pmip_md: New attachment detected! Start Location Registration procedure...
Wed Jun 29 17:49:53 mh_send_pbu: Create PBU with lifetime = 64000 (1000 s)
Wed Jun 29 17:49:53 mh_send_pbu: Create PBU options...
Wed Jun 29 17:49:53 mh_send_pbu: Send PBU....
Wed Jun 29 17:49:53 pmip_mh_send: Sending MH type 5
from 2001:100:0:0:0:0:0:3
to 2001:100:0:0:0:0:0:1
Wed Jun 29 17:49:53 pmip_mh_send: MH is sent....
Wed Jun 29 17:49:53 mh_send_pbu: Copy PBU message into TEMP PMIP entry iovec....
Wed Jun 29 17:49:53 mag_start_registration: PBU Retransmissions Timer is registered....
Wed Jun 29 17:49:53 mag_fsm: Movement detection is finished, now going to add an entry into the cache

Wed Jun 29 17:49:53 pmip_cache_add: inside pmip_cache_add
Wed Jun 29 17:49:53 pmip_cache_add: after assertion
Wed Jun 29 17:49:53 __pmipcache_insert: PMIP cache entry is inserted for: 2001:100:0:0:0:0:0:3 <-> 0:0:0:0:0:14:6c53:180a
Wed Jun 29 17:49:53 pmip_cache_add: Making Entry
Wed Jun 29 17:49:53 pmip_cache_add: PMIP cache entry for: 0:0:0:0:0:14:6c53:180a with type 6 is added
Wed Jun 29 17:49:53 pmip_cache_add: Retransmissions counter intialized: 5
Wed Jun 29 17:49:53 mag_fsm: pmip_cache_add is done 

Wed Jun 29 17:49:53 pmip_mag_recv_pba: Proxy Binding Acknowledgement (PBA) Received
Wed Jun 29 17:49:53 pmip_mag_recv_pba: Received PBA Src Addr: 2001:100:0:0:0:0:0:1
Wed Jun 29 17:49:53 pmip_mag_recv_pba: Received PBA Dst addr: 2001:100:0:0:0:0:0:3
Wed Jun 29 17:49:53 mh_pba_parse: MN Home Network Prefix: 2001:100:6:5000:0:0:0:0
Wed Jun 29 17:49:53 mh_pba_parse: MN IID: 0:0:0:0:214:6cff:fe53:180a
Wed Jun 29 17:49:53 mh_pba_parse: MN Link Local Address: fe80:0:0:0:214:6cff:fe53:180a
Wed Jun 29 17:49:53 mh_pba_parse: Proxy Binding Ack Lifetime: 64000 (1000 s)
Wed Jun 29 17:49:53 mh_pba_parse: FSM Message Event: 4
Wed Jun 29 17:49:53 pmip_cache_get: PMIP cache entry is found for: 0:0:0:0:0:14:6c53:180a with type 6
Wed Jun 29 17:49:53 pmip_cache_exists: PMIP cache entry does exist with type: 6
Wed Jun 29 17:49:53 pmipcache_release_entry: PMIP cache entry is released
Wed Jun 29 17:49:53 mag_fsm: BCE_TEMP
Wed Jun 29 17:49:53 mag_fsm: Handling PBA. Moving from BCE_TEMP to BCE_PMIP
Wed Jun 29 17:49:53 pmip_cache_get: PMIP cache entry is found for: 0:0:0:0:0:14:6c53:180a with type 6
Wed Jun 29 17:49:53 mag_fsm: Finish Location Registration
Wed Jun 29 17:49:53 mag_fsm: Prefix before ending registration : 2001:100:6:5000:0:0:0:0 
Wed Jun 29 17:49:53 mag_end_registration: New PMIP cache entry type: 5
Wed Jun 29 17:49:53 mag_end_registration: Timer for Expiry is initialized: 1000(s)!
Wed Jun 29 17:49:53 pmip_cache_start: PMIP cache start is initialized.. 
Wed Jun 29 17:49:53 pmip_tunnel_add: Creating IP-in-IP tunnel link 4 from 2001:100:0:0:0:0:0:3 to 2001:100:0:0:0:0:0:1...
Wed Jun 29 17:49:53 __tunnel_add: created tunnel ip6tnl1 (8) from 2001:100:0:0:0:0:0:3 to 2001:100:0:0:0:0:0:1 user count 1
Wed Jun 29 17:49:53 mag_end_registration: # of binding entries 1
Wed Jun 29 17:49:53 mag_end_registration: Add routing entry for uplink traffic
Wed Jun 29 17:49:53 mag_kickoff_ra: RA LL ADDRESS sent
Wed Jun 29 17:49:53 mag_end_registration: Adding route for : 2001:100:6:5000:214:6cff:fe53:180a
Wed Jun 29 17:49:53 mag_setup_route: Uplink: Add new rule for tunneling src=2001:100:6:5000:214:6cff:fe53:180a
Wed Jun 29 17:49:53 mag_setup_route: Downlink: Add new route for 2001:100:6:5000:214:6cff:fe53:180a in table 252
Wed Jun 29 17:49:53 mag_end_registration: Out of setup route
Wed Jun 29 17:49:53 pmipcache_release_entry: PMIP cache entry is released
Wed Jun 29 17:49:53 pmip_mag_recv_na: Neighbor Advertisement (NA) Received
Wed Jun 29 17:49:53 pmip_mag_recv_na: Received NA Src Addr: 2001:100:6:5000:214:6cff:fe53:180a
Wed Jun 29 17:49:53 pmip_mag_recv_na: Received NA Dst addr: fe80:0:0:0:21e:2aff:fe48:17e
Wed Jun 29 17:49:53 icmp_na_parse: NA Target: 2001:100:6:5000:214:6cff:fe53:180a
Wed Jun 29 17:49:53 pmip_cache_get: PMIP cache entry is found for: 0:0:0:0:0:14:6c53:180a with type 5
Wed Jun 29 17:49:53 pmip_cache_exists: PMIP cache entry does exist with type: 5
Wed Jun 29 17:49:53 pmipcache_release_entry: PMIP cache entry is released
Wed Jun 29 17:49:53 mag_fsm: BCE_PMIP
Wed Jun 29 17:49:53 pmip_cache_get: PMIP cache entry is found for: 0:0:0:0:0:14:6c53:180a with type 5
Wed Jun 29 17:49:53 mag_fsm: Reset the Reachability Counter = 5 for 0:0:0:0:214:6cff:fe53:180a
Wed Jun 29 17:49:53 pmip_cache_start: PMIP cache start is initialized.. 
Wed Jun 29 17:49:53 pmipcache_release_entry: PMIP cache entry is released
/usr/local/src/mipv6-daemon-umip-0.4/extras/UMIP0.4_MAG2_UBUNTU.10.04.sh: line 31:  3991 Killed                  pmip6d -c /usr/local/src/mipv6-daemon-umip-0.4/extras/example-mag2.conf
