This file contains any messages produced by compilers while
running configure, to aid debugging if configure makes a mistake.

It was created by configure, which was
generated by GNU Autoconf 2.59.  Invocation command line was

  $ ./configure 

## --------- ##
## Platform. ##
## --------- ##

hostname = jeckel
uname -m = i686
uname -r = 2.6.32-21-generic
uname -s = Linux
uname -v = #32-Ubuntu SMP Fri Apr 16 08:10:02 UTC 2010

/usr/bin/uname -p = unknown
/bin/uname -X     = unknown

/bin/arch              = unknown
/usr/bin/arch -k       = unknown
/usr/convex/getsysinfo = unknown
hostinfo               = unknown
/bin/machine           = unknown
/usr/bin/oslevel       = unknown
/bin/universe          = unknown

PATH: /usr/local/sbin
PATH: /usr/local/bin
PATH: /usr/sbin
PATH: /usr/bin
PATH: /sbin
PATH: /bin
PATH: /usr/games


## ----------- ##
## Core tests. ##
## ----------- ##

configure:1506: checking whether to enable maintainer-specific portions of Makefiles
configure:1515: result: no
configure:1563: checking build system type
configure:1581: result: i686-pc-linux-gnu
configure:1589: checking host system type
configure:1603: result: i686-pc-linux-gnu
configure:1611: checking target system type
configure:1625: result: i686-pc-linux-gnu
configure:1659: checking for a BSD-compatible install
configure:1714: result: /usr/bin/install -c
configure:1725: checking whether build environment is sane
configure:1768: result: yes
configure:1833: checking for gawk
configure:1849: found /usr/bin/gawk
configure:1859: result: gawk
configure:1869: checking whether make sets $(MAKE)
configure:1889: result: yes
configure:2148: checking for style of include used by make
configure:2176: result: GNU
configure:2247: checking for gcc
configure:2263: found /usr/bin/gcc
configure:2273: result: gcc
configure:2517: checking for C compiler version
configure:2520: gcc --version </dev/null >&5
gcc (Ubuntu 4.4.3-4ubuntu5) 4.4.3
Copyright (C) 2009 Free Software Foundation, Inc.
This is free software; see the source for copying conditions.  There is NO
warranty; not even for MERCHANTABILITY or FITNESS FOR A PARTICULAR PURPOSE.

configure:2523: $? = 0
configure:2525: gcc -v </dev/null >&5
Using built-in specs.
Target: i486-linux-gnu
Configured with: ../src/configure -v --with-pkgversion='Ubuntu 4.4.3-4ubuntu5' --with-bugurl=file:///usr/share/doc/gcc-4.4/README.Bugs --enable-languages=c,c++,fortran,objc,obj-c++ --prefix=/usr --enable-shared --enable-multiarch --enable-linker-build-id --with-system-zlib --libexecdir=/usr/lib --without-included-gettext --enable-threads=posix --with-gxx-include-dir=/usr/include/c++/4.4 --program-suffix=-4.4 --enable-nls --enable-clocale=gnu --enable-libstdcxx-debug --enable-plugin --enable-objc-gc --enable-targets=all --disable-werror --with-arch-32=i486 --with-tune=generic --enable-checking=release --build=i486-linux-gnu --host=i486-linux-gnu --target=i486-linux-gnu
Thread model: posix
gcc version 4.4.3 (Ubuntu 4.4.3-4ubuntu5) 
configure:2528: $? = 0
configure:2530: gcc -V </dev/null >&5
gcc: '-V' option must have argument
configure:2533: $? = 1
configure:2556: checking for C compiler default output file name
configure:2559: gcc    conftest.c  >&5
configure:2562: $? = 0
configure:2608: result: a.out
configure:2613: checking whether the C compiler works
configure:2619: ./a.out
configure:2622: $? = 0
configure:2639: result: yes
configure:2646: checking whether we are cross compiling
configure:2648: result: no
configure:2651: checking for suffix of executables
configure:2653: gcc -o conftest    conftest.c  >&5
configure:2656: $? = 0
configure:2681: result: 
configure:2687: checking for suffix of object files
configure:2708: gcc -c   conftest.c >&5
configure:2711: $? = 0
configure:2733: result: o
configure:2737: checking whether we are using the GNU C compiler
configure:2761: gcc -c   conftest.c >&5
configure:2767: $? = 0
configure:2771: test -z 
			 || test ! -s conftest.err
configure:2774: $? = 0
configure:2777: test -s conftest.o
configure:2780: $? = 0
configure:2793: result: yes
configure:2799: checking whether gcc accepts -g
configure:2820: gcc -c -g  conftest.c >&5
configure:2826: $? = 0
configure:2830: test -z 
			 || test ! -s conftest.err
configure:2833: $? = 0
configure:2836: test -s conftest.o
configure:2839: $? = 0
configure:2850: result: yes
configure:2867: checking for gcc option to accept ANSI C
configure:2937: gcc  -c -g -O2  conftest.c >&5
configure:2943: $? = 0
configure:2947: test -z 
			 || test ! -s conftest.err
configure:2950: $? = 0
configure:2953: test -s conftest.o
configure:2956: $? = 0
configure:2974: result: none needed
configure:2992: gcc -c -g -O2  conftest.c >&5
conftest.c:2: error: expected '=', ',', ';', 'asm' or '__attribute__' before 'me'
configure:2998: $? = 1
configure: failed program was:
| #ifndef __cplusplus
|   choke me
| #endif
configure:3133: checking dependency style of gcc
configure:3223: result: gcc3
configure:3240: checking for a sed that does not truncate output
configure:3296: result: /bin/sed
configure:3299: checking for egrep
configure:3309: result: grep -E
configure:3325: checking for ld used by gcc
configure:3392: result: /usr/bin/ld
configure:3401: checking if the linker (/usr/bin/ld) is GNU ld
configure:3416: result: yes
configure:3421: checking for /usr/bin/ld option to reload object files
configure:3428: result: -r
configure:3446: checking for BSD-compatible nm
configure:3495: result: /usr/bin/nm -B
configure:3499: checking whether ln -s works
configure:3503: result: yes
configure:3510: checking how to recognise dependent libraries
configure:3686: result: pass_all
configure:3923: checking how to run the C preprocessor
configure:3958: gcc -E  conftest.c
configure:3964: $? = 0
configure:3996: gcc -E  conftest.c
conftest.c:11:28: error: ac_nonexistent.h: No such file or directory
configure:4002: $? = 1
configure: failed program was:
| /* confdefs.h.  */
| 
| #define PACKAGE_NAME ""
| #define PACKAGE_TARNAME ""
| #define PACKAGE_VERSION ""
| #define PACKAGE_STRING ""
| #define PACKAGE_BUGREPORT ""
| #define PACKAGE "radiusclient"
| #define VERSION "1.1.6"
| /* end confdefs.h.  */
| #include <ac_nonexistent.h>
configure:4041: result: gcc -E
configure:4065: gcc -E  conftest.c
configure:4071: $? = 0
configure:4103: gcc -E  conftest.c
conftest.c:11:28: error: ac_nonexistent.h: No such file or directory
configure:4109: $? = 1
configure: failed program was:
| /* confdefs.h.  */
| 
| #define PACKAGE_NAME ""
| #define PACKAGE_TARNAME ""
| #define PACKAGE_VERSION ""
| #define PACKAGE_STRING ""
| #define PACKAGE_BUGREPORT ""
| #define PACKAGE "radiusclient"
| #define VERSION "1.1.6"
| /* end confdefs.h.  */
| #include <ac_nonexistent.h>
configure:4153: checking for ANSI C header files
configure:4178: gcc -c -g -O2  conftest.c >&5
configure:4184: $? = 0
configure:4188: test -z 
			 || test ! -s conftest.err
configure:4191: $? = 0
configure:4194: test -s conftest.o
configure:4197: $? = 0
configure:4286: gcc -o conftest -g -O2   conftest.c  >&5
conftest.c: In function 'main':
conftest.c:28: warning: incompatible implicit declaration of built-in function 'exit'
configure:4289: $? = 0
configure:4291: ./conftest
configure:4294: $? = 0
configure:4309: result: yes
configure:4333: checking for sys/types.h
configure:4349: gcc -c -g -O2  conftest.c >&5
configure:4355: $? = 0
configure:4359: test -z 
			 || test ! -s conftest.err
configure:4362: $? = 0
configure:4365: test -s conftest.o
configure:4368: $? = 0
configure:4379: result: yes
configure:4333: checking for sys/stat.h
configure:4349: gcc -c -g -O2  conftest.c >&5
configure:4355: $? = 0
configure:4359: test -z 
			 || test ! -s conftest.err
configure:4362: $? = 0
configure:4365: test -s conftest.o
configure:4368: $? = 0
configure:4379: result: yes
configure:4333: checking for stdlib.h
configure:4349: gcc -c -g -O2  conftest.c >&5
configure:4355: $? = 0
configure:4359: test -z 
			 || test ! -s conftest.err
configure:4362: $? = 0
configure:4365: test -s conftest.o
configure:4368: $? = 0
configure:4379: result: yes
configure:4333: checking for string.h
configure:4349: gcc -c -g -O2  conftest.c >&5
configure:4355: $? = 0
configure:4359: test -z 
			 || test ! -s conftest.err
configure:4362: $? = 0
configure:4365: test -s conftest.o
configure:4368: $? = 0
configure:4379: result: yes
configure:4333: checking for memory.h
configure:4349: gcc -c -g -O2  conftest.c >&5
configure:4355: $? = 0
configure:4359: test -z 
			 || test ! -s conftest.err
configure:4362: $? = 0
configure:4365: test -s conftest.o
configure:4368: $? = 0
configure:4379: result: yes
configure:4333: checking for strings.h
configure:4349: gcc -c -g -O2  conftest.c >&5
configure:4355: $? = 0
configure:4359: test -z 
			 || test ! -s conftest.err
configure:4362: $? = 0
configure:4365: test -s conftest.o
configure:4368: $? = 0
configure:4379: result: yes
configure:4333: checking for inttypes.h
configure:4349: gcc -c -g -O2  conftest.c >&5
configure:4355: $? = 0
configure:4359: test -z 
			 || test ! -s conftest.err
configure:4362: $? = 0
configure:4365: test -s conftest.o
configure:4368: $? = 0
configure:4379: result: yes
configure:4333: checking for stdint.h
configure:4349: gcc -c -g -O2  conftest.c >&5
configure:4355: $? = 0
configure:4359: test -z 
			 || test ! -s conftest.err
configure:4362: $? = 0
configure:4365: test -s conftest.o
configure:4368: $? = 0
configure:4379: result: yes
configure:4333: checking for unistd.h
configure:4349: gcc -c -g -O2  conftest.c >&5
configure:4355: $? = 0
configure:4359: test -z 
			 || test ! -s conftest.err
configure:4362: $? = 0
configure:4365: test -s conftest.o
configure:4368: $? = 0
configure:4379: result: yes
configure:4405: checking dlfcn.h usability
configure:4417: gcc -c -g -O2  conftest.c >&5
configure:4423: $? = 0
configure:4427: test -z 
			 || test ! -s conftest.err
configure:4430: $? = 0
configure:4433: test -s conftest.o
configure:4436: $? = 0
configure:4446: result: yes
configure:4450: checking dlfcn.h presence
configure:4460: gcc -E  conftest.c
configure:4466: $? = 0
configure:4486: result: yes
configure:4521: checking for dlfcn.h
configure:4528: result: yes
configure:4593: checking for g++
configure:4622: result: no
configure:4593: checking for c++
configure:4622: result: no
configure:4593: checking for gpp
configure:4622: result: no
configure:4593: checking for aCC
configure:4622: result: no
configure:4593: checking for CC
configure:4622: result: no
configure:4593: checking for cxx
configure:4622: result: no
configure:4593: checking for cc++
configure:4622: result: no
configure:4593: checking for cl
configure:4622: result: no
configure:4593: checking for FCC
configure:4622: result: no
configure:4593: checking for KCC
configure:4622: result: no
configure:4593: checking for RCC
configure:4622: result: no
configure:4593: checking for xlC_r
configure:4622: result: no
configure:4593: checking for xlC
configure:4622: result: no
configure:4635: checking for C++ compiler version
configure:4638: g++ --version </dev/null >&5
./configure: line 4639: g++: command not found
configure:4641: $? = 127
configure:4643: g++ -v </dev/null >&5
./configure: line 4644: g++: command not found
configure:4646: $? = 127
configure:4648: g++ -V </dev/null >&5
./configure: line 4649: g++: command not found
configure:4651: $? = 127
configure:4654: checking whether we are using the GNU C++ compiler
configure:4678: g++ -c   conftest.cc >&5
./configure: line 4679: g++: command not found
configure:4684: $? = 127
configure: failed program was:
| /* confdefs.h.  */
| 
| #define PACKAGE_NAME ""
| #define PACKAGE_TARNAME ""
| #define PACKAGE_VERSION ""
| #define PACKAGE_STRING ""
| #define PACKAGE_BUGREPORT ""
| #define PACKAGE "radiusclient"
| #define VERSION "1.1.6"
| #define STDC_HEADERS 1
| #define HAVE_SYS_TYPES_H 1
| #define HAVE_SYS_STAT_H 1
| #define HAVE_STDLIB_H 1
| #define HAVE_STRING_H 1
| #define HAVE_MEMORY_H 1
| #define HAVE_STRINGS_H 1
| #define HAVE_INTTYPES_H 1
| #define HAVE_STDINT_H 1
| #define HAVE_UNISTD_H 1
| #define HAVE_DLFCN_H 1
| /* end confdefs.h.  */
| 
| int
| main ()
| {
| #ifndef __GNUC__
|        choke me
| #endif
| 
|   ;
|   return 0;
| }
configure:4710: result: no
configure:4716: checking whether g++ accepts -g
configure:4737: g++ -c -g  conftest.cc >&5
./configure: line 4738: g++: command not found
configure:4743: $? = 127
configure: failed program was:
| /* confdefs.h.  */
| 
| #define PACKAGE_NAME ""
| #define PACKAGE_TARNAME ""
| #define PACKAGE_VERSION ""
| #define PACKAGE_STRING ""
| #define PACKAGE_BUGREPORT ""
| #define PACKAGE "radiusclient"
| #define VERSION "1.1.6"
| #define STDC_HEADERS 1
| #define HAVE_SYS_TYPES_H 1
| #define HAVE_SYS_STAT_H 1
| #define HAVE_STDLIB_H 1
| #define HAVE_STRING_H 1
| #define HAVE_MEMORY_H 1
| #define HAVE_STRINGS_H 1
| #define HAVE_INTTYPES_H 1
| #define HAVE_STDINT_H 1
| #define HAVE_UNISTD_H 1
| #define HAVE_DLFCN_H 1
| /* end confdefs.h.  */
| 
| int
| main ()
| {
| 
|   ;
|   return 0;
| }
configure:4767: result: no
configure:4809: g++ -c   conftest.cc >&5
./configure: line 4810: g++: command not found
configure:4815: $? = 127
configure: failed program was:
| /* confdefs.h.  */
| 
| #define PACKAGE_NAME ""
| #define PACKAGE_TARNAME ""
| #define PACKAGE_VERSION ""
| #define PACKAGE_STRING ""
| #define PACKAGE_BUGREPORT ""
| #define PACKAGE "radiusclient"
| #define VERSION "1.1.6"
| #define STDC_HEADERS 1
| #define HAVE_SYS_TYPES_H 1
| #define HAVE_SYS_STAT_H 1
| #define HAVE_STDLIB_H 1
| #define HAVE_STRING_H 1
| #define HAVE_MEMORY_H 1
| #define HAVE_STRINGS_H 1
| #define HAVE_INTTYPES_H 1
| #define HAVE_STDINT_H 1
| #define HAVE_UNISTD_H 1
| #define HAVE_DLFCN_H 1
| /* end confdefs.h.  */
| 
| #include <stdlib.h>
| int
| main ()
| {
| exit (42);
|   ;
|   return 0;
| }
configure:4809: g++ -c   conftest.cc >&5
./configure: line 4810: g++: command not found
configure:4815: $? = 127
configure: failed program was:
| /* confdefs.h.  */
| 
| #define PACKAGE_NAME ""
| #define PACKAGE_TARNAME ""
| #define PACKAGE_VERSION ""
| #define PACKAGE_STRING ""
| #define PACKAGE_BUGREPORT ""
| #define PACKAGE "radiusclient"
| #define VERSION "1.1.6"
| #define STDC_HEADERS 1
| #define HAVE_SYS_TYPES_H 1
| #define HAVE_SYS_STAT_H 1
| #define HAVE_STDLIB_H 1
| #define HAVE_STRING_H 1
| #define HAVE_MEMORY_H 1
| #define HAVE_STRINGS_H 1
| #define HAVE_INTTYPES_H 1
| #define HAVE_STDINT_H 1
| #define HAVE_UNISTD_H 1
| #define HAVE_DLFCN_H 1
| /* end confdefs.h.  */
| extern "C" void std::exit (int) throw (); using std::exit;
| #include <stdlib.h>
| int
| main ()
| {
| exit (42);
|   ;
|   return 0;
| }
configure:4809: g++ -c   conftest.cc >&5
./configure: line 4810: g++: command not found
configure:4815: $? = 127
configure: failed program was:
| /* confdefs.h.  */
| 
| #define PACKAGE_NAME ""
| #define PACKAGE_TARNAME ""
| #define PACKAGE_VERSION ""
| #define PACKAGE_STRING ""
| #define PACKAGE_BUGREPORT ""
| #define PACKAGE "radiusclient"
| #define VERSION "1.1.6"
| #define STDC_HEADERS 1
| #define HAVE_SYS_TYPES_H 1
| #define HAVE_SYS_STAT_H 1
| #define HAVE_STDLIB_H 1
| #define HAVE_STRING_H 1
| #define HAVE_MEMORY_H 1
| #define HAVE_STRINGS_H 1
| #define HAVE_INTTYPES_H 1
| #define HAVE_STDINT_H 1
| #define HAVE_UNISTD_H 1
| #define HAVE_DLFCN_H 1
| /* end confdefs.h.  */
| extern "C" void std::exit (int); using std::exit;
| #include <stdlib.h>
| int
| main ()
| {
| exit (42);
|   ;
|   return 0;
| }
configure:4809: g++ -c   conftest.cc >&5
./configure: line 4810: g++: command not found
configure:4815: $? = 127
configure: failed program was:
| /* confdefs.h.  */
| 
| #define PACKAGE_NAME ""
| #define PACKAGE_TARNAME ""
| #define PACKAGE_VERSION ""
| #define PACKAGE_STRING ""
| #define PACKAGE_BUGREPORT ""
| #define PACKAGE "radiusclient"
| #define VERSION "1.1.6"
| #define STDC_HEADERS 1
| #define HAVE_SYS_TYPES_H 1
| #define HAVE_SYS_STAT_H 1
| #define HAVE_STDLIB_H 1
| #define HAVE_STRING_H 1
| #define HAVE_MEMORY_H 1
| #define HAVE_STRINGS_H 1
| #define HAVE_INTTYPES_H 1
| #define HAVE_STDINT_H 1
| #define HAVE_UNISTD_H 1
| #define HAVE_DLFCN_H 1
| /* end confdefs.h.  */
| extern "C" void exit (int) throw ();
| #include <stdlib.h>
| int
| main ()
| {
| exit (42);
|   ;
|   return 0;
| }
configure:4809: g++ -c   conftest.cc >&5
./configure: line 4810: g++: command not found
configure:4815: $? = 127
configure: failed program was:
| /* confdefs.h.  */
| 
| #define PACKAGE_NAME ""
| #define PACKAGE_TARNAME ""
| #define PACKAGE_VERSION ""
| #define PACKAGE_STRING ""
| #define PACKAGE_BUGREPORT ""
| #define PACKAGE "radiusclient"
| #define VERSION "1.1.6"
| #define STDC_HEADERS 1
| #define HAVE_SYS_TYPES_H 1
| #define HAVE_SYS_STAT_H 1
| #define HAVE_STDLIB_H 1
| #define HAVE_STRING_H 1
| #define HAVE_MEMORY_H 1
| #define HAVE_STRINGS_H 1
| #define HAVE_INTTYPES_H 1
| #define HAVE_STDINT_H 1
| #define HAVE_UNISTD_H 1
| #define HAVE_DLFCN_H 1
| /* end confdefs.h.  */
| extern "C" void exit (int);
| #include <stdlib.h>
| int
| main ()
| {
| exit (42);
|   ;
|   return 0;
| }
configure:4809: g++ -c   conftest.cc >&5
./configure: line 4810: g++: command not found
configure:4815: $? = 127
configure: failed program was:
| /* confdefs.h.  */
| 
| #define PACKAGE_NAME ""
| #define PACKAGE_TARNAME ""
| #define PACKAGE_VERSION ""
| #define PACKAGE_STRING ""
| #define PACKAGE_BUGREPORT ""
| #define PACKAGE "radiusclient"
| #define VERSION "1.1.6"
| #define STDC_HEADERS 1
| #define HAVE_SYS_TYPES_H 1
| #define HAVE_SYS_STAT_H 1
| #define HAVE_STDLIB_H 1
| #define HAVE_STRING_H 1
| #define HAVE_MEMORY_H 1
| #define HAVE_STRINGS_H 1
| #define HAVE_INTTYPES_H 1
| #define HAVE_STDINT_H 1
| #define HAVE_UNISTD_H 1
| #define HAVE_DLFCN_H 1
| /* end confdefs.h.  */
| void exit (int);
| #include <stdlib.h>
| int
| main ()
| {
| exit (42);
|   ;
|   return 0;
| }
configure:4898: checking dependency style of g++
configure:4988: result: none
configure:5294: checking for g77
configure:5323: result: no
configure:5294: checking for f77
configure:5323: result: no
configure:5294: checking for xlf
configure:5323: result: no
configure:5294: checking for frt
configure:5323: result: no
configure:5294: checking for pgf77
configure:5323: result: no
configure:5294: checking for fort77
configure:5323: result: no
configure:5294: checking for fl32
configure:5323: result: no
configure:5294: checking for af77
configure:5323: result: no
configure:5294: checking for f90
configure:5323: result: no
configure:5294: checking for xlf90
configure:5323: result: no
configure:5294: checking for pgf90
configure:5323: result: no
configure:5294: checking for epcf90
configure:5323: result: no
configure:5294: checking for f95
configure:5323: result: no
configure:5294: checking for fort
configure:5323: result: no
configure:5294: checking for xlf95
configure:5323: result: no
configure:5294: checking for ifc
configure:5323: result: no
configure:5294: checking for efc
configure:5323: result: no
configure:5294: checking for pgf95
configure:5323: result: no
configure:5294: checking for lf95
configure:5323: result: no
configure:5294: checking for gfortran
configure:5323: result: no
configure:5335: checking for Fortran 77 compiler version
configure:5338:  --version </dev/null >&5
./configure: line 5339: --version: command not found
configure:5341: $? = 127
configure:5343:  -v </dev/null >&5
./configure: line 5344: -v: command not found
configure:5346: $? = 127
configure:5348:  -V </dev/null >&5
./configure: line 5349: -V: command not found
configure:5351: $? = 127
configure:5359: checking whether we are using the GNU Fortran 77 compiler
configure:5373:  -c  conftest.F >&5
./configure: line 5374: -c: command not found
configure:5379: $? = 127
configure: failed program was:
|       program main
| #ifndef __GNUC__
|        choke me
| #endif
| 
|       end
configure:5405: result: no
configure:5411: checking whether  accepts -g
configure:5423:  -c -g conftest.f >&5
./configure: line 5424: -c: command not found
configure:5429: $? = 127
configure: failed program was:
|       program main
| 
|       end
configure:5454: result: no
configure:5484: checking the maximum length of command line arguments
configure:5593: result: 32768
configure:5604: checking command to parse /usr/bin/nm -B output from gcc object
configure:5709: gcc -c -g -O2  conftest.c >&5
configure:5712: $? = 0
configure:5716: /usr/bin/nm -B conftest.o \| sed -n -e 's/^.*[ 	]\([ABCDGIRSTW][ABCDGIRSTW]*\)[ 	][ 	]*\([_A-Za-z][_A-Za-z0-9]*\)$/\1 \2 \2/p' \> conftest.nm
configure:5719: $? = 0
configure:5771: gcc -o conftest -g -O2   conftest.c conftstm.o >&5
configure:5774: $? = 0
configure:5812: result: ok
configure:5816: checking for objdir
configure:5831: result: .libs
configure:5921: checking for ar
configure:5937: found /usr/bin/ar
configure:5948: result: ar
configure:6001: checking for ranlib
configure:6017: found /usr/bin/ranlib
configure:6028: result: ranlib
configure:6081: checking for strip
configure:6097: found /usr/bin/strip
configure:6108: result: strip
configure:6380: checking if gcc supports -fno-rtti -fno-exceptions
configure:6398: gcc -c -g -O2  -fno-rtti -fno-exceptions conftest.c >&5
cc1: warning: command line option "-fno-rtti" is valid for C++/ObjC++ but not for C
configure:6402: $? = 0
configure:6415: result: no
configure:6430: checking for gcc option to produce PIC
configure:6640: result: -fPIC
configure:6648: checking if gcc PIC flag -fPIC works
configure:6666: gcc -c -g -O2  -fPIC -DPIC conftest.c >&5
configure:6670: $? = 0
configure:6683: result: yes
configure:6711: checking if gcc static flag -static works
configure:6739: result: yes
configure:6749: checking if gcc supports -c -o file.o
configure:6770: gcc -c -g -O2  -o out/conftest2.o conftest.c >&5
configure:6774: $? = 0
configure:6796: result: yes
configure:6822: checking whether the gcc linker (/usr/bin/ld) supports shared libraries
configure:7780: result: yes
configure:7801: checking whether -lc should be explicitly linked in
configure:7806: gcc -c -g -O2  conftest.c >&5
configure:7809: $? = 0
configure:7824: gcc -shared conftest.o  -v -Wl,-soname -Wl,conftest -o conftest 2\>\&1 \| grep  -lc  \>/dev/null 2\>\&1
configure:7827: $? = 0
configure:7839: result: no
configure:7847: checking dynamic linker characteristics
configure:8456: result: GNU/Linux ld.so
configure:8465: checking how to hardcode library paths into programs
configure:8490: result: immediate
configure:8504: checking whether stripping libraries is possible
configure:8509: result: yes
configure:9343: checking if libtool supports shared libraries
configure:9345: result: yes
configure:9348: checking whether to build shared libraries
configure:9369: result: yes
configure:9372: checking whether to build static libraries
configure:9376: result: yes
configure:9468: creating libtool
configure:18721: checking for gcc
configure:18747: result: gcc
configure:18991: checking for C compiler version
configure:18994: gcc --version </dev/null >&5
gcc (Ubuntu 4.4.3-4ubuntu5) 4.4.3
Copyright (C) 2009 Free Software Foundation, Inc.
This is free software; see the source for copying conditions.  There is NO
warranty; not even for MERCHANTABILITY or FITNESS FOR A PARTICULAR PURPOSE.

configure:18997: $? = 0
configure:18999: gcc -v </dev/null >&5
Using built-in specs.
Target: i486-linux-gnu
Configured with: ../src/configure -v --with-pkgversion='Ubuntu 4.4.3-4ubuntu5' --with-bugurl=file:///usr/share/doc/gcc-4.4/README.Bugs --enable-languages=c,c++,fortran,objc,obj-c++ --prefix=/usr --enable-shared --enable-multiarch --enable-linker-build-id --with-system-zlib --libexecdir=/usr/lib --without-included-gettext --enable-threads=posix --with-gxx-include-dir=/usr/include/c++/4.4 --program-suffix=-4.4 --enable-nls --enable-clocale=gnu --enable-libstdcxx-debug --enable-plugin --enable-objc-gc --enable-targets=all --disable-werror --with-arch-32=i486 --with-tune=generic --enable-checking=release --build=i486-linux-gnu --host=i486-linux-gnu --target=i486-linux-gnu
Thread model: posix
gcc version 4.4.3 (Ubuntu 4.4.3-4ubuntu5) 
configure:19002: $? = 0
configure:19004: gcc -V </dev/null >&5
gcc: '-V' option must have argument
configure:19007: $? = 1
configure:19010: checking whether we are using the GNU C compiler
configure:19066: result: yes
configure:19072: checking whether gcc accepts -g
configure:19123: result: yes
configure:19140: checking for gcc option to accept ANSI C
configure:19247: result: none needed
configure:19265: gcc -c -g -O2  conftest.c >&5
conftest.c:2: error: expected '=', ',', ';', 'asm' or '__attribute__' before 'me'
configure:19271: $? = 1
configure: failed program was:
| #ifndef __cplusplus
|   choke me
| #endif
configure:19406: checking dependency style of gcc
configure:19496: result: gcc3
configure:19516: checking for ar
configure:19534: found /usr/bin/ar
configure:19546: result: /usr/bin/ar
configure:19555: checking whether to include shadow password support
configure:19571: result: no
configure:19579: checking for socket in -lsocket
configure:19609: gcc -o conftest -g -O2   conftest.c -lsocket   >&5
/usr/bin/ld: cannot find -lsocket
collect2: ld returned 1 exit status
configure:19615: $? = 1
configure: failed program was:
| /* confdefs.h.  */
| 
| #define PACKAGE_NAME ""
| #define PACKAGE_TARNAME ""
| #define PACKAGE_VERSION ""
| #define PACKAGE_STRING ""
| #define PACKAGE_BUGREPORT ""
| #define PACKAGE "radiusclient"
| #define VERSION "1.1.6"
| #define STDC_HEADERS 1
| #define HAVE_SYS_TYPES_H 1
| #define HAVE_SYS_STAT_H 1
| #define HAVE_STDLIB_H 1
| #define HAVE_STRING_H 1
| #define HAVE_MEMORY_H 1
| #define HAVE_STRINGS_H 1
| #define HAVE_INTTYPES_H 1
| #define HAVE_STDINT_H 1
| #define HAVE_UNISTD_H 1
| #define HAVE_DLFCN_H 1
| #ifdef __cplusplus
| void exit (int);
| #endif
| /* end confdefs.h.  */
| 
| /* Override any gcc2 internal prototype to avoid an error.  */
| #ifdef __cplusplus
| extern "C"
| #endif
| /* We use char because int might match the return type of a gcc2
|    builtin and then its argument prototype would still apply.  */
| char socket ();
| int
| main ()
| {
| socket ();
|   ;
|   return 0;
| }
configure:19641: result: no
configure:19654: checking for gethostbyaddr in -lnsl
configure:19684: gcc -o conftest -g -O2   conftest.c -lnsl   >&5
configure:19690: $? = 0
configure:19694: test -z 
			 || test ! -s conftest.err
configure:19697: $? = 0
configure:19700: test -s conftest
configure:19703: $? = 0
configure:19716: result: yes
configure:19729: checking gethostbyaddr_r() syntax
configure:19768: gcc -o conftest -g -O2   conftest.c -lnsl  >&5
configure:19774: $? = 0
configure:19778: test -z 
			 || test ! -s conftest.err
configure:19781: $? = 0
configure:19784: test -s conftest
configure:19787: $? = 0
configure:19935: result: GNU-style
configure:19945: checking gethostbyname_r() syntax
configure:19966: gcc -o conftest -g -O2   conftest.c -lnsl  >&5
configure:19972: $? = 0
configure:19976: test -z 
			 || test ! -s conftest.err
configure:19979: $? = 0
configure:19982: test -s conftest
configure:19985: $? = 0
configure:20134: result: GNU-style
configure:20144: checking for crypt in -lcrypt
configure:20174: gcc -o conftest -g -O2   conftest.c -lcrypt  -lnsl  >&5
configure:20180: $? = 0
configure:20184: test -z 
			 || test ! -s conftest.err
configure:20187: $? = 0
configure:20190: test -s conftest
configure:20193: $? = 0
configure:20206: result: yes
configure:20218: checking whether byte ordering is bigendian
configure:20245: gcc -c -g -O2  conftest.c >&5
configure:20251: $? = 0
configure:20255: test -z 
			 || test ! -s conftest.err
configure:20258: $? = 0
configure:20261: test -s conftest.o
configure:20264: $? = 0
configure:20288: gcc -c -g -O2  conftest.c >&5
conftest.c: In function 'main':
conftest.c:38: error: 'not' undeclared (first use in this function)
conftest.c:38: error: (Each undeclared identifier is reported only once
conftest.c:38: error: for each function it appears in.)
conftest.c:38: error: expected ';' before 'big'
configure:20294: $? = 1
configure: failed program was:
| /* confdefs.h.  */
| 
| #define PACKAGE_NAME ""
| #define PACKAGE_TARNAME ""
| #define PACKAGE_VERSION ""
| #define PACKAGE_STRING ""
| #define PACKAGE_BUGREPORT ""
| #define PACKAGE "radiusclient"
| #define VERSION "1.1.6"
| #define STDC_HEADERS 1
| #define HAVE_SYS_TYPES_H 1
| #define HAVE_SYS_STAT_H 1
| #define HAVE_STDLIB_H 1
| #define HAVE_STRING_H 1
| #define HAVE_MEMORY_H 1
| #define HAVE_STRINGS_H 1
| #define HAVE_INTTYPES_H 1
| #define HAVE_STDINT_H 1
| #define HAVE_UNISTD_H 1
| #define HAVE_DLFCN_H 1
| #ifdef __cplusplus
| void exit (int);
| #endif
| #define HAVE_LIBNSL 1
| #define GETHOSTBYADDR_R 1
| #define GETHOSTBYADDRRSTYLE_GNU
| #define GETHOSTBYNAME_R
| #define GETHOSTBYNAMERSTYLE_GNU
| #define HAVE_LIBCRYPT 1
| /* end confdefs.h.  */
| #include <sys/types.h>
| #include <sys/param.h>
| 
| int
| main ()
| {
| #if BYTE_ORDER != BIG_ENDIAN
|  not big endian
| #endif
| 
|   ;
|   return 0;
| }
configure:20429: result: no
configure:20468: checking for dirent.h that defines DIR
configure:20492: gcc -c -g -O2  conftest.c >&5
configure:20498: $? = 0
configure:20502: test -z 
			 || test ! -s conftest.err
configure:20505: $? = 0
configure:20508: test -s conftest.o
configure:20511: $? = 0
configure:20522: result: yes
configure:20535: checking for library containing opendir
configure:20565: gcc -o conftest -g -O2   conftest.c -lcrypt -lnsl  >&5
configure:20571: $? = 0
configure:20575: test -z 
			 || test ! -s conftest.err
configure:20578: $? = 0
configure:20581: test -s conftest
configure:20584: $? = 0
configure:20654: result: none required
configure:20790: checking for ANSI C header files
configure:20946: result: yes
configure:20973: checking crypt.h usability
configure:20985: gcc -c -g -O2  conftest.c >&5
configure:20991: $? = 0
configure:20995: test -z 
			 || test ! -s conftest.err
configure:20998: $? = 0
configure:21001: test -s conftest.o
configure:21004: $? = 0
configure:21014: result: yes
configure:21018: checking crypt.h presence
configure:21028: gcc -E  conftest.c
configure:21034: $? = 0
configure:21054: result: yes
configure:21089: checking for crypt.h
configure:21096: result: yes
configure:20973: checking signal.h usability
configure:20985: gcc -c -g -O2  conftest.c >&5
configure:20991: $? = 0
configure:20995: test -z 
			 || test ! -s conftest.err
configure:20998: $? = 0
configure:21001: test -s conftest.o
configure:21004: $? = 0
configure:21014: result: yes
configure:21018: checking signal.h presence
configure:21028: gcc -E  conftest.c
configure:21034: $? = 0
configure:21054: result: yes
configure:21089: checking for signal.h
configure:21096: result: yes
configure:20973: checking sys/signal.h usability
configure:20985: gcc -c -g -O2  conftest.c >&5
configure:20991: $? = 0
configure:20995: test -z 
			 || test ! -s conftest.err
configure:20998: $? = 0
configure:21001: test -s conftest.o
configure:21004: $? = 0
configure:21014: result: yes
configure:21018: checking sys/signal.h presence
configure:21028: gcc -E  conftest.c
configure:21034: $? = 0
configure:21054: result: yes
configure:21089: checking for sys/signal.h
configure:21096: result: yes
configure:20964: checking for sys/stat.h
configure:20969: result: yes
configure:21124: checking fcntl.h usability
configure:21136: gcc -c -g -O2  conftest.c >&5
configure:21142: $? = 0
configure:21146: test -z 
			 || test ! -s conftest.err
configure:21149: $? = 0
configure:21152: test -s conftest.o
configure:21155: $? = 0
configure:21165: result: yes
configure:21169: checking fcntl.h presence
configure:21179: gcc -E  conftest.c
configure:21185: $? = 0
configure:21205: result: yes
configure:21240: checking for fcntl.h
configure:21247: result: yes
configure:21124: checking sys/fcntl.h usability
configure:21136: gcc -c -g -O2  conftest.c >&5
configure:21142: $? = 0
configure:21146: test -z 
			 || test ! -s conftest.err
configure:21149: $? = 0
configure:21152: test -s conftest.o
configure:21155: $? = 0
configure:21165: result: yes
configure:21169: checking sys/fcntl.h presence
configure:21179: gcc -E  conftest.c
configure:21185: $? = 0
configure:21205: result: yes
configure:21240: checking for sys/fcntl.h
configure:21247: result: yes
configure:21276: checking sys/utsname.h usability
configure:21288: gcc -c -g -O2  conftest.c >&5
configure:21294: $? = 0
configure:21298: test -z 
			 || test ! -s conftest.err
configure:21301: $? = 0
configure:21304: test -s conftest.o
configure:21307: $? = 0
configure:21317: result: yes
configure:21321: checking sys/utsname.h presence
configure:21331: gcc -E  conftest.c
configure:21337: $? = 0
configure:21357: result: yes
configure:21392: checking for sys/utsname.h
configure:21399: result: yes
configure:21276: checking getopt.h usability
configure:21288: gcc -c -g -O2  conftest.c >&5
configure:21294: $? = 0
configure:21298: test -z 
			 || test ! -s conftest.err
configure:21301: $? = 0
configure:21304: test -s conftest.o
configure:21307: $? = 0
configure:21317: result: yes
configure:21321: checking getopt.h presence
configure:21331: gcc -E  conftest.c
configure:21337: $? = 0
configure:21357: result: yes
configure:21392: checking for getopt.h
configure:21399: result: yes
configure:21267: checking for unistd.h
configure:21272: result: yes
configure:21428: checking sys/file.h usability
configure:21440: gcc -c -g -O2  conftest.c >&5
configure:21446: $? = 0
configure:21450: test -z 
			 || test ! -s conftest.err
configure:21453: $? = 0
configure:21456: test -s conftest.o
configure:21459: $? = 0
configure:21469: result: yes
configure:21473: checking sys/file.h presence
configure:21483: gcc -E  conftest.c
configure:21489: $? = 0
configure:21509: result: yes
configure:21544: checking for sys/file.h
configure:21551: result: yes
configure:21428: checking termios.h usability
configure:21440: gcc -c -g -O2  conftest.c >&5
configure:21446: $? = 0
configure:21450: test -z 
			 || test ! -s conftest.err
configure:21453: $? = 0
configure:21456: test -s conftest.o
configure:21459: $? = 0
configure:21469: result: yes
configure:21473: checking termios.h presence
configure:21483: gcc -E  conftest.c
configure:21489: $? = 0
configure:21509: result: yes
configure:21544: checking for termios.h
configure:21551: result: yes
configure:21428: checking sys/ioctl.h usability
configure:21440: gcc -c -g -O2  conftest.c >&5
configure:21446: $? = 0
configure:21450: test -z 
			 || test ! -s conftest.err
configure:21453: $? = 0
configure:21456: test -s conftest.o
configure:21459: $? = 0
configure:21469: result: yes
configure:21473: checking sys/ioctl.h presence
configure:21483: gcc -E  conftest.c
configure:21489: $? = 0
configure:21509: result: yes
configure:21544: checking for sys/ioctl.h
configure:21551: result: yes
configure:21580: checking netdb.h usability
configure:21592: gcc -c -g -O2  conftest.c >&5
configure:21598: $? = 0
configure:21602: test -z 
			 || test ! -s conftest.err
configure:21605: $? = 0
configure:21608: test -s conftest.o
configure:21611: $? = 0
configure:21621: result: yes
configure:21625: checking netdb.h presence
configure:21635: gcc -E  conftest.c
configure:21641: $? = 0
configure:21661: result: yes
configure:21696: checking for netdb.h
configure:21703: result: yes
configure:21580: checking syslog.h usability
configure:21592: gcc -c -g -O2  conftest.c >&5
configure:21598: $? = 0
configure:21602: test -z 
			 || test ! -s conftest.err
configure:21605: $? = 0
configure:21608: test -s conftest.o
configure:21611: $? = 0
configure:21621: result: yes
configure:21625: checking syslog.h presence
configure:21635: gcc -E  conftest.c
configure:21641: $? = 0
configure:21661: result: yes
configure:21696: checking for syslog.h
configure:21703: result: yes
configure:21580: checking pwd.h usability
configure:21592: gcc -c -g -O2  conftest.c >&5
configure:21598: $? = 0
configure:21602: test -z 
			 || test ! -s conftest.err
configure:21605: $? = 0
configure:21608: test -s conftest.o
configure:21611: $? = 0
configure:21621: result: yes
configure:21625: checking pwd.h presence
configure:21635: gcc -E  conftest.c
configure:21641: $? = 0
configure:21661: result: yes
configure:21696: checking for pwd.h
configure:21703: result: yes
configure:21732: checking sys/socket.h usability
configure:21744: gcc -c -g -O2  conftest.c >&5
configure:21750: $? = 0
configure:21754: test -z 
			 || test ! -s conftest.err
configure:21757: $? = 0
configure:21760: test -s conftest.o
configure:21763: $? = 0
configure:21773: result: yes
configure:21777: checking sys/socket.h presence
configure:21787: gcc -E  conftest.c
configure:21793: $? = 0
configure:21813: result: yes
configure:21848: checking for sys/socket.h
configure:21855: result: yes
configure:21732: checking netinet/in.h usability
configure:21744: gcc -c -g -O2  conftest.c >&5
configure:21750: $? = 0
configure:21754: test -z 
			 || test ! -s conftest.err
configure:21757: $? = 0
configure:21760: test -s conftest.o
configure:21763: $? = 0
configure:21773: result: yes
configure:21777: checking netinet/in.h presence
configure:21787: gcc -E  conftest.c
configure:21793: $? = 0
configure:21813: result: yes
configure:21848: checking for netinet/in.h
configure:21855: result: yes
configure:21732: checking arpa/inet.h usability
configure:21744: gcc -c -g -O2  conftest.c >&5
configure:21750: $? = 0
configure:21754: test -z 
			 || test ! -s conftest.err
configure:21757: $? = 0
configure:21760: test -s conftest.o
configure:21763: $? = 0
configure:21773: result: yes
configure:21777: checking arpa/inet.h presence
configure:21787: gcc -E  conftest.c
configure:21793: $? = 0
configure:21813: result: yes
configure:21848: checking for arpa/inet.h
configure:21855: result: yes
configure:22012: checking for an ANSI C-conforming const
configure:22079: gcc -c -g -O2  conftest.c >&5
configure:22085: $? = 0
configure:22089: test -z 
			 || test ! -s conftest.err
configure:22092: $? = 0
configure:22095: test -s conftest.o
configure:22098: $? = 0
configure:22109: result: yes
configure:22119: checking for off_t
configure:22143: gcc -c -g -O2  conftest.c >&5
configure:22149: $? = 0
configure:22153: test -z 
			 || test ! -s conftest.err
configure:22156: $? = 0
configure:22159: test -s conftest.o
configure:22162: $? = 0
configure:22173: result: yes
configure:22185: checking for size_t
configure:22209: gcc -c -g -O2  conftest.c >&5
configure:22215: $? = 0
configure:22219: test -z 
			 || test ! -s conftest.err
configure:22222: $? = 0
configure:22225: test -s conftest.o
configure:22228: $? = 0
configure:22239: result: yes
configure:22251: checking whether time.h and sys/time.h may both be included
configure:22276: gcc -c -g -O2  conftest.c >&5
configure:22282: $? = 0
configure:22286: test -z 
			 || test ! -s conftest.err
configure:22289: $? = 0
configure:22292: test -s conftest.o
configure:22295: $? = 0
configure:22306: result: yes
configure:22316: checking whether struct tm is in sys/time.h or time.h
configure:22339: gcc -c -g -O2  conftest.c >&5
configure:22345: $? = 0
configure:22349: test -z 
			 || test ! -s conftest.err
configure:22352: $? = 0
configure:22355: test -s conftest.o
configure:22358: $? = 0
configure:22369: result: time.h
configure:22381: checking whether gcc needs -traditional
configure:22423: result: no
configure:22430: checking for working memcmp
configure:22478: gcc -o conftest -g -O2   conftest.c -lcrypt -lnsl  >&5
configure:22481: $? = 0
configure:22483: ./conftest
configure:22486: $? = 0
configure:22500: result: yes
configure:22511: checking for function prototypes
configure:22514: result: yes
configure:22531: checking whether setvbuf arguments are reversed
configure:22556: gcc -o conftest -g -O2   conftest.c -lcrypt -lnsl  >&5
conftest.c:57: error: conflicting types for 'setvbuf'
/usr/include/stdio.h:313: note: previous declaration of 'setvbuf' was here
configure:22562: $? = 1
configure: failed program was:
| /* confdefs.h.  */
| 
| #define PACKAGE_NAME ""
| #define PACKAGE_TARNAME ""
| #define PACKAGE_VERSION ""
| #define PACKAGE_STRING ""
| #define PACKAGE_BUGREPORT ""
| #define PACKAGE "radiusclient"
| #define VERSION "1.1.6"
| #define STDC_HEADERS 1
| #define HAVE_SYS_TYPES_H 1
| #define HAVE_SYS_STAT_H 1
| #define HAVE_STDLIB_H 1
| #define HAVE_STRING_H 1
| #define HAVE_MEMORY_H 1
| #define HAVE_STRINGS_H 1
| #define HAVE_INTTYPES_H 1
| #define HAVE_STDINT_H 1
| #define HAVE_UNISTD_H 1
| #define HAVE_DLFCN_H 1
| #ifdef __cplusplus
| void exit (int);
| #endif
| #define HAVE_LIBNSL 1
| #define GETHOSTBYADDR_R 1
| #define GETHOSTBYADDRRSTYLE_GNU
| #define GETHOSTBYNAME_R
| #define GETHOSTBYNAMERSTYLE_GNU
| #define HAVE_LIBCRYPT 1
| #define LITTLE_ENDIAN 1
| #define HAVE_DIRENT_H 1
| #define STDC_HEADERS 1
| #define HAVE_CRYPT_H 1
| #define HAVE_SIGNAL_H 1
| #define HAVE_SYS_SIGNAL_H 1
| #define HAVE_SYS_STAT_H 1
| #define HAVE_FCNTL_H 1
| #define HAVE_SYS_FCNTL_H 1
| #define HAVE_SYS_UTSNAME_H 1
| #define HAVE_GETOPT_H 1
| #define HAVE_UNISTD_H 1
| #define HAVE_SYS_FILE_H 1
| #define HAVE_TERMIOS_H 1
| #define HAVE_SYS_IOCTL_H 1
| #define HAVE_NETDB_H 1
| #define HAVE_SYSLOG_H 1
| #define HAVE_PWD_H 1
| #define HAVE_SYS_SOCKET_H 1
| #define HAVE_NETINET_IN_H 1
| #define HAVE_ARPA_INET_H 1
| #define TIME_WITH_SYS_TIME 1
| #define PROTOTYPES 1
| #define __PROTOTYPES 1
| /* end confdefs.h.  */
| #include <stdio.h>
| #	  if PROTOTYPES
| 	   int (setvbuf) (FILE *, int, char *, size_t);
| #	  endif
| int
| main ()
| {
| char buf; return setvbuf (stdout, _IOLBF, &buf, 1);
|   ;
|   return 0;
| }
configure:22683: result: no
configure:22693: checking return type of signal handlers
configure:22724: gcc -c -g -O2  conftest.c >&5
configure:22730: $? = 0
configure:22734: test -z 
			 || test ! -s conftest.err
configure:22737: $? = 0
configure:22740: test -s conftest.o
configure:22743: $? = 0
configure:22754: result: void
configure:22766: checking for strftime
configure:22823: gcc -o conftest -g -O2   conftest.c -lcrypt -lnsl  >&5
conftest.c:80: warning: conflicting types for built-in function 'strftime'
configure:22829: $? = 0
configure:22833: test -z 
			 || test ! -s conftest.err
configure:22836: $? = 0
configure:22839: test -s conftest
configure:22842: $? = 0
configure:22854: result: yes
configure:22940: checking for working alloca.h
configure:22961: gcc -o conftest -g -O2   conftest.c -lcrypt -lnsl  >&5
configure:22967: $? = 0
configure:22971: test -z 
			 || test ! -s conftest.err
configure:22974: $? = 0
configure:22977: test -s conftest
configure:22980: $? = 0
configure:22992: result: yes
configure:23002: checking for alloca
configure:23043: gcc -o conftest -g -O2   conftest.c -lcrypt -lnsl  >&5
configure:23049: $? = 0
configure:23053: test -z 
			 || test ! -s conftest.err
configure:23056: $? = 0
configure:23059: test -s conftest
configure:23062: $? = 0
configure:23074: result: yes
configure:23303: checking for strdup
configure:23360: gcc -o conftest -g -O2   conftest.c -lcrypt -lnsl  >&5
conftest.c:83: warning: conflicting types for built-in function 'strdup'
configure:23366: $? = 0
configure:23370: test -z 
			 || test ! -s conftest.err
configure:23373: $? = 0
configure:23376: test -s conftest
configure:23379: $? = 0
configure:23391: result: yes
configure:23303: checking for strerror
configure:23360: gcc -o conftest -g -O2   conftest.c -lcrypt -lnsl  >&5
configure:23366: $? = 0
configure:23370: test -z 
			 || test ! -s conftest.err
configure:23373: $? = 0
configure:23376: test -s conftest
configure:23379: $? = 0
configure:23391: result: yes
configure:23303: checking for strcasecmp
configure:23360: gcc -o conftest -g -O2   conftest.c -lcrypt -lnsl  >&5
conftest.c:85: warning: conflicting types for built-in function 'strcasecmp'
configure:23366: $? = 0
configure:23370: test -z 
			 || test ! -s conftest.err
configure:23373: $? = 0
configure:23376: test -s conftest
configure:23379: $? = 0
configure:23391: result: yes
configure:23420: checking for flock
configure:23477: gcc -o conftest -g -O2   conftest.c -lcrypt -lnsl  >&5
configure:23483: $? = 0
configure:23487: test -z 
			 || test ! -s conftest.err
configure:23490: $? = 0
configure:23493: test -s conftest
configure:23496: $? = 0
configure:23508: result: yes
configure:23420: checking for fcntl
configure:23477: gcc -o conftest -g -O2   conftest.c -lcrypt -lnsl  >&5
configure:23483: $? = 0
configure:23487: test -z 
			 || test ! -s conftest.err
configure:23490: $? = 0
configure:23493: test -s conftest
configure:23496: $? = 0
configure:23508: result: yes
configure:23420: checking for uname
configure:23477: gcc -o conftest -g -O2   conftest.c -lcrypt -lnsl  >&5
configure:23483: $? = 0
configure:23487: test -z 
			 || test ! -s conftest.err
configure:23490: $? = 0
configure:23493: test -s conftest
configure:23496: $? = 0
configure:23508: result: yes
configure:23420: checking for gethostname
configure:23477: gcc -o conftest -g -O2   conftest.c -lcrypt -lnsl  >&5
configure:23483: $? = 0
configure:23487: test -z 
			 || test ! -s conftest.err
configure:23490: $? = 0
configure:23493: test -s conftest
configure:23496: $? = 0
configure:23508: result: yes
configure:23420: checking for sysinfo
configure:23477: gcc -o conftest -g -O2   conftest.c -lcrypt -lnsl  >&5
configure:23483: $? = 0
configure:23487: test -z 
			 || test ! -s conftest.err
configure:23490: $? = 0
configure:23493: test -s conftest
configure:23496: $? = 0
configure:23508: result: yes
configure:23420: checking for getdomainname
configure:23477: gcc -o conftest -g -O2   conftest.c -lcrypt -lnsl  >&5
configure:23483: $? = 0
configure:23487: test -z 
			 || test ! -s conftest.err
configure:23490: $? = 0
configure:23493: test -s conftest
configure:23496: $? = 0
configure:23508: result: yes
configure:23526: checking for stricmp
configure:23583: gcc -o conftest -g -O2   conftest.c -lcrypt -lnsl  >&5
/tmp/cc9s46Hd.o: In function `main':
/opt/ONLY_PMIP/20100209_PMIP6D_FINAL_VERSION_GIULIANA/pmip6d/freeradius-client-1.1.6/conftest.c:107: undefined reference to `stricmp'
/tmp/cc9s46Hd.o:(.data+0x0): undefined reference to `stricmp'
collect2: ld returned 1 exit status
configure:23589: $? = 1
configure: failed program was:
| /* confdefs.h.  */
| 
| #define PACKAGE_NAME ""
| #define PACKAGE_TARNAME ""
| #define PACKAGE_VERSION ""
| #define PACKAGE_STRING ""
| #define PACKAGE_BUGREPORT ""
| #define PACKAGE "radiusclient"
| #define VERSION "1.1.6"
| #define STDC_HEADERS 1
| #define HAVE_SYS_TYPES_H 1
| #define HAVE_SYS_STAT_H 1
| #define HAVE_STDLIB_H 1
| #define HAVE_STRING_H 1
| #define HAVE_MEMORY_H 1
| #define HAVE_STRINGS_H 1
| #define HAVE_INTTYPES_H 1
| #define HAVE_STDINT_H 1
| #define HAVE_UNISTD_H 1
| #define HAVE_DLFCN_H 1
| #ifdef __cplusplus
| void exit (int);
| #endif
| #define HAVE_LIBNSL 1
| #define GETHOSTBYADDR_R 1
| #define GETHOSTBYADDRRSTYLE_GNU
| #define GETHOSTBYNAME_R
| #define GETHOSTBYNAMERSTYLE_GNU
| #define HAVE_LIBCRYPT 1
| #define LITTLE_ENDIAN 1
| #define HAVE_DIRENT_H 1
| #define STDC_HEADERS 1
| #define HAVE_CRYPT_H 1
| #define HAVE_SIGNAL_H 1
| #define HAVE_SYS_SIGNAL_H 1
| #define HAVE_SYS_STAT_H 1
| #define HAVE_FCNTL_H 1
| #define HAVE_SYS_FCNTL_H 1
| #define HAVE_SYS_UTSNAME_H 1
| #define HAVE_GETOPT_H 1
| #define HAVE_UNISTD_H 1
| #define HAVE_SYS_FILE_H 1
| #define HAVE_TERMIOS_H 1
| #define HAVE_SYS_IOCTL_H 1
| #define HAVE_NETDB_H 1
| #define HAVE_SYSLOG_H 1
| #define HAVE_PWD_H 1
| #define HAVE_SYS_SOCKET_H 1
| #define HAVE_NETINET_IN_H 1
| #define HAVE_ARPA_INET_H 1
| #define TIME_WITH_SYS_TIME 1
| #define PROTOTYPES 1
| #define __PROTOTYPES 1
| #define RETSIGTYPE void
| #define HAVE_STRFTIME 1
| #define HAVE_ALLOCA_H 1
| #define HAVE_ALLOCA 1
| #define HAVE_STRDUP 1
| #define HAVE_STRERROR 1
| #define HAVE_STRCASECMP 1
| #define HAVE_FLOCK 1
| #define HAVE_FCNTL 1
| #define HAVE_UNAME 1
| #define HAVE_GETHOSTNAME 1
| #define HAVE_SYSINFO 1
| #define HAVE_GETDOMAINNAME 1
| /* end confdefs.h.  */
| /* Define stricmp to an innocuous variant, in case <limits.h> declares stricmp.
|    For example, HP-UX 11i <limits.h> declares gettimeofday.  */
| #define stricmp innocuous_stricmp
| 
| /* System header to define __stub macros and hopefully few prototypes,
|     which can conflict with char stricmp (); below.
|     Prefer <limits.h> to <assert.h> if __STDC__ is defined, since
|     <limits.h> exists even on freestanding compilers.  */
| 
| #ifdef __STDC__
| # include <limits.h>
| #else
| # include <assert.h>
| #endif
| 
| #undef stricmp
| 
| /* Override any gcc2 internal prototype to avoid an error.  */
| #ifdef __cplusplus
| extern "C"
| {
| #endif
| /* We use char because int might match the return type of a gcc2
|    builtin and then its argument prototype would still apply.  */
| char stricmp ();
| /* The GNU C library defines this for functions which it implements
|     to always fail with ENOSYS.  Some functions are actually named
|     something starting with __ and the normal name is an alias.  */
| #if defined (__stub_stricmp) || defined (__stub___stricmp)
| choke me
| #else
| char (*f) () = stricmp;
| #endif
| #ifdef __cplusplus
| }
| #endif
| 
| int
| main ()
| {
| return f != stricmp;
|   ;
|   return 0;
| }
configure:23614: result: no
configure:23526: checking for random
configure:23583: gcc -o conftest -g -O2   conftest.c -lcrypt -lnsl  >&5
configure:23589: $? = 0
configure:23593: test -z 
			 || test ! -s conftest.err
configure:23596: $? = 0
configure:23599: test -s conftest
configure:23602: $? = 0
configure:23614: result: yes
configure:23526: checking for rand
configure:23583: gcc -o conftest -g -O2   conftest.c -lcrypt -lnsl  >&5
configure:23589: $? = 0
configure:23593: test -z 
			 || test ! -s conftest.err
configure:23596: $? = 0
configure:23599: test -s conftest
configure:23602: $? = 0
configure:23614: result: yes
configure:23526: checking for snprintf
configure:23583: gcc -o conftest -g -O2   conftest.c -lcrypt -lnsl  >&5
conftest.c:94: warning: conflicting types for built-in function 'snprintf'
configure:23589: $? = 0
configure:23593: test -z 
			 || test ! -s conftest.err
configure:23596: $? = 0
configure:23599: test -s conftest
configure:23602: $? = 0
configure:23614: result: yes
configure:23526: checking for vsnprintf
configure:23583: gcc -o conftest -g -O2   conftest.c -lcrypt -lnsl  >&5
conftest.c:95: warning: conflicting types for built-in function 'vsnprintf'
configure:23589: $? = 0
configure:23593: test -z 
			 || test ! -s conftest.err
configure:23596: $? = 0
configure:23599: test -s conftest
configure:23602: $? = 0
configure:23614: result: yes
configure:23627: checking for field domainname in struct utsname
configure:23653: gcc -o conftest -g -O2   conftest.c -lcrypt -lnsl  >&5
conftest.c: In function 'main':
conftest.c:78: error: 'struct utsname' has no member named 'domainname'
configure:23656: $? = 1
configure: program exited with status 1
configure: failed program was:
| /* confdefs.h.  */
| 
| #define PACKAGE_NAME ""
| #define PACKAGE_TARNAME ""
| #define PACKAGE_VERSION ""
| #define PACKAGE_STRING ""
| #define PACKAGE_BUGREPORT ""
| #define PACKAGE "radiusclient"
| #define VERSION "1.1.6"
| #define STDC_HEADERS 1
| #define HAVE_SYS_TYPES_H 1
| #define HAVE_SYS_STAT_H 1
| #define HAVE_STDLIB_H 1
| #define HAVE_STRING_H 1
| #define HAVE_MEMORY_H 1
| #define HAVE_STRINGS_H 1
| #define HAVE_INTTYPES_H 1
| #define HAVE_STDINT_H 1
| #define HAVE_UNISTD_H 1
| #define HAVE_DLFCN_H 1
| #ifdef __cplusplus
| void exit (int);
| #endif
| #define HAVE_LIBNSL 1
| #define GETHOSTBYADDR_R 1
| #define GETHOSTBYADDRRSTYLE_GNU
| #define GETHOSTBYNAME_R
| #define GETHOSTBYNAMERSTYLE_GNU
| #define HAVE_LIBCRYPT 1
| #define LITTLE_ENDIAN 1
| #define HAVE_DIRENT_H 1
| #define STDC_HEADERS 1
| #define HAVE_CRYPT_H 1
| #define HAVE_SIGNAL_H 1
| #define HAVE_SYS_SIGNAL_H 1
| #define HAVE_SYS_STAT_H 1
| #define HAVE_FCNTL_H 1
| #define HAVE_SYS_FCNTL_H 1
| #define HAVE_SYS_UTSNAME_H 1
| #define HAVE_GETOPT_H 1
| #define HAVE_UNISTD_H 1
| #define HAVE_SYS_FILE_H 1
| #define HAVE_TERMIOS_H 1
| #define HAVE_SYS_IOCTL_H 1
| #define HAVE_NETDB_H 1
| #define HAVE_SYSLOG_H 1
| #define HAVE_PWD_H 1
| #define HAVE_SYS_SOCKET_H 1
| #define HAVE_NETINET_IN_H 1
| #define HAVE_ARPA_INET_H 1
| #define TIME_WITH_SYS_TIME 1
| #define PROTOTYPES 1
| #define __PROTOTYPES 1
| #define RETSIGTYPE void
| #define HAVE_STRFTIME 1
| #define HAVE_ALLOCA_H 1
| #define HAVE_ALLOCA 1
| #define HAVE_STRDUP 1
| #define HAVE_STRERROR 1
| #define HAVE_STRCASECMP 1
| #define HAVE_FLOCK 1
| #define HAVE_FCNTL 1
| #define HAVE_UNAME 1
| #define HAVE_GETHOSTNAME 1
| #define HAVE_SYSINFO 1
| #define HAVE_GETDOMAINNAME 1
| #define HAVE_RANDOM 1
| #define HAVE_RAND 1
| #define HAVE_SNPRINTF 1
| #define HAVE_VSNPRINTF 1
| /* end confdefs.h.  */
| 
| 	#include <sys/utsname.h>
| 
| 	main(int argc, char **argv)
| 	{
| 		struct utsname uts;
| 		uts.domainname[0] = '\0';
| 	}
| 
configure:23675: result: no
configure:23683: checking for /dev/urandom
configure:23687: result: yes
configure:23710: result: /bin:/usr/bin:/usr/local/bin
configure:23717: checking which syslog facility to use
configure:23730: result: LOG_DAEMON
configure:23737: checking whether to include Livingston's RADIUS server 1.16 kludge
configure:23762: result: no
configure:23768: checking whether to add service type hints derived from username prefix
configure:23783: result: no
configure:23939: creating ./config.status

## ---------------------- ##
## Running config.status. ##
## ---------------------- ##

This file was extended by config.status, which was
generated by GNU Autoconf 2.59.  Invocation command line was

  CONFIG_FILES    = 
  CONFIG_HEADERS  = 
  CONFIG_LINKS    = 
  CONFIG_COMMANDS = 
  $ ./config.status 

on jeckel

config.status:740: creating Makefile
config.status:740: creating include/Makefile
config.status:740: creating lib/Makefile
config.status:740: creating src/Makefile
config.status:740: creating man/Makefile
config.status:740: creating etc/Makefile
config.status:740: creating doc/Makefile
config.status:740: creating patches/Makefile
config.status:740: creating login.radius/Makefile
config.status:740: creating login.radius/migs/Makefile
config.status:740: creating rpm/Makefile
config.status:740: creating debian/Makefile
config.status:844: creating config.h
config.status:1066: config.h is unchanged
config.status:1246: executing depfiles commands
config.status:1246: executing default commands

## ---------------- ##
## Cache variables. ##
## ---------------- ##

ac_cv_build=i686-pc-linux-gnu
ac_cv_build_alias=i686-pc-linux-gnu
ac_cv_c_bigendian=no
ac_cv_c_compiler_gnu=yes
ac_cv_c_const=yes
ac_cv_cxx_compiler_gnu=no
ac_cv_env_CC_set=
ac_cv_env_CC_value=
ac_cv_env_CFLAGS_set=
ac_cv_env_CFLAGS_value=
ac_cv_env_CPPFLAGS_set=
ac_cv_env_CPPFLAGS_value=
ac_cv_env_CPP_set=
ac_cv_env_CPP_value=
ac_cv_env_CXXCPP_set=
ac_cv_env_CXXCPP_value=
ac_cv_env_CXXFLAGS_set=
ac_cv_env_CXXFLAGS_value=
ac_cv_env_CXX_set=
ac_cv_env_CXX_value=
ac_cv_env_F77_set=
ac_cv_env_F77_value=
ac_cv_env_FFLAGS_set=
ac_cv_env_FFLAGS_value=
ac_cv_env_LDFLAGS_set=
ac_cv_env_LDFLAGS_value=
ac_cv_env_build_alias_set=
ac_cv_env_build_alias_value=
ac_cv_env_host_alias_set=
ac_cv_env_host_alias_value=
ac_cv_env_target_alias_set=
ac_cv_env_target_alias_value=
ac_cv_exeext=
ac_cv_f77_compiler_gnu=no
ac_cv_func_alloca_works=yes
ac_cv_func_fcntl=yes
ac_cv_func_flock=yes
ac_cv_func_getdomainname=yes
ac_cv_func_gethostname=yes
ac_cv_func_memcmp_working=yes
ac_cv_func_rand=yes
ac_cv_func_random=yes
ac_cv_func_setvbuf_reversed=no
ac_cv_func_snprintf=yes
ac_cv_func_strcasecmp=yes
ac_cv_func_strdup=yes
ac_cv_func_strerror=yes
ac_cv_func_strftime=yes
ac_cv_func_stricmp=no
ac_cv_func_sysinfo=yes
ac_cv_func_uname=yes
ac_cv_func_vsnprintf=yes
ac_cv_header_arpa_inet_h=yes
ac_cv_header_crypt_h=yes
ac_cv_header_dirent_dirent_h=yes
ac_cv_header_dlfcn_h=yes
ac_cv_header_fcntl_h=yes
ac_cv_header_getopt_h=yes
ac_cv_header_inttypes_h=yes
ac_cv_header_memory_h=yes
ac_cv_header_netdb_h=yes
ac_cv_header_netinet_in_h=yes
ac_cv_header_pwd_h=yes
ac_cv_header_signal_h=yes
ac_cv_header_stdc=yes
ac_cv_header_stdint_h=yes
ac_cv_header_stdlib_h=yes
ac_cv_header_string_h=yes
ac_cv_header_strings_h=yes
ac_cv_header_sys_fcntl_h=yes
ac_cv_header_sys_file_h=yes
ac_cv_header_sys_ioctl_h=yes
ac_cv_header_sys_signal_h=yes
ac_cv_header_sys_socket_h=yes
ac_cv_header_sys_stat_h=yes
ac_cv_header_sys_types_h=yes
ac_cv_header_sys_utsname_h=yes
ac_cv_header_syslog_h=yes
ac_cv_header_termios_h=yes
ac_cv_header_time=yes
ac_cv_header_unistd_h=yes
ac_cv_host=i686-pc-linux-gnu
ac_cv_host_alias=i686-pc-linux-gnu
ac_cv_lib_crypt_crypt=yes
ac_cv_lib_nsl_gethostbyaddr=yes
ac_cv_lib_socket_socket=no
ac_cv_objext=o
ac_cv_path_AR=/usr/bin/ar
ac_cv_path_install='/usr/bin/install -c'
ac_cv_prog_AWK=gawk
ac_cv_prog_CPP='gcc -E'
ac_cv_prog_ac_ct_AR=ar
ac_cv_prog_ac_ct_CC=gcc
ac_cv_prog_ac_ct_RANLIB=ranlib
ac_cv_prog_ac_ct_STRIP=strip
ac_cv_prog_cc_g=yes
ac_cv_prog_cc_stdc=
ac_cv_prog_cxx_g=no
ac_cv_prog_egrep='grep -E'
ac_cv_prog_f77_g=no
ac_cv_prog_gcc_traditional=no
ac_cv_prog_make_make_set=yes
ac_cv_search_opendir='none required'
ac_cv_struct_tm=time.h
ac_cv_target=i686-pc-linux-gnu
ac_cv_target_alias=i686-pc-linux-gnu
ac_cv_type_off_t=yes
ac_cv_type_signal=void
ac_cv_type_size_t=yes
ac_cv_working_alloca_h=yes
am_cv_CC_dependencies_compiler_type=gcc3
am_cv_CXX_dependencies_compiler_type=none
lt_cv_deplibs_check_method=pass_all
lt_cv_file_magic_cmd='$MAGIC_CMD'
lt_cv_file_magic_test_file=
lt_cv_ld_reload_flag=-r
lt_cv_objdir=.libs
lt_cv_path_LD=/usr/bin/ld
lt_cv_path_NM='/usr/bin/nm -B'
lt_cv_path_SED=/bin/sed
lt_cv_prog_compiler_c_o=yes
lt_cv_prog_compiler_rtti_exceptions=no
lt_cv_prog_gnu_ld=yes
lt_cv_sys_global_symbol_pipe='sed -n -e '\''s/^.*[ 	]\([ABCDGIRSTW][ABCDGIRSTW]*\)[ 	][ 	]*\([_A-Za-z][_A-Za-z0-9]*\)$/\1 \2 \2/p'\'''
lt_cv_sys_global_symbol_to_c_name_address='sed -n -e '\''s/^: \([^ ]*\) $/  {\"\1\", (lt_ptr) 0},/p'\'' -e '\''s/^[BCDEGRST] \([^ ]*\) \([^ ]*\)$/  {"\2", (lt_ptr) \&\2},/p'\'''
lt_cv_sys_global_symbol_to_cdecl='sed -n -e '\''s/^. .* \(.*\)$/extern int \1;/p'\'''
lt_cv_sys_max_cmd_len=32768
lt_lt_cv_prog_compiler_c_o='"yes"'
lt_lt_cv_sys_global_symbol_pipe='"sed -n -e '\''s/^.*[ 	]\\([ABCDGIRSTW][ABCDGIRSTW]*\\)[ 	][ 	]*\\([_A-Za-z][_A-Za-z0-9]*\\)\$/\\1 \\2 \\2/p'\''"'
lt_lt_cv_sys_global_symbol_to_c_name_address='"sed -n -e '\''s/^: \\([^ ]*\\) \$/  {\\\"\\1\\\", (lt_ptr) 0},/p'\'' -e '\''s/^[BCDEGRST] \\([^ ]*\\) \\([^ ]*\\)\$/  {\"\\2\", (lt_ptr) \\&\\2},/p'\''"'
lt_lt_cv_sys_global_symbol_to_cdecl='"sed -n -e '\''s/^. .* \\(.*\\)\$/extern int \\1;/p'\''"'

## ----------------- ##
## Output variables. ##
## ----------------- ##

ACLOCAL='${SHELL} /opt/ONLY_PMIP/20100209_PMIP6D_FINAL_VERSION_GIULIANA/pmip6d/freeradius-client-1.1.6/missing --run aclocal-1.9'
ALLOCA=''
AMDEPBACKSLASH='\'
AMDEP_FALSE='#'
AMDEP_TRUE=''
AMTAR='${SHELL} /opt/ONLY_PMIP/20100209_PMIP6D_FINAL_VERSION_GIULIANA/pmip6d/freeradius-client-1.1.6/missing --run tar'
AR='/usr/bin/ar'
AUTOCONF='${SHELL} /opt/ONLY_PMIP/20100209_PMIP6D_FINAL_VERSION_GIULIANA/pmip6d/freeradius-client-1.1.6/missing --run autoconf'
AUTOHEADER='${SHELL} /opt/ONLY_PMIP/20100209_PMIP6D_FINAL_VERSION_GIULIANA/pmip6d/freeradius-client-1.1.6/missing --run autoheader'
AUTOMAKE='${SHELL} /opt/ONLY_PMIP/20100209_PMIP6D_FINAL_VERSION_GIULIANA/pmip6d/freeradius-client-1.1.6/missing --run automake-1.9'
AWK='gawk'
CC='gcc'
CCDEPMODE='depmode=gcc3'
CFLAGS='-g -O2'
CPP='gcc -E'
CPPFLAGS=''
CXX='g++'
CXXCPP=''
CXXDEPMODE='depmode=none'
CXXFLAGS=''
CYGPATH_W='echo'
DEFS='-DHAVE_CONFIG_H'
DEPDIR='.deps'
ECHO='echo'
ECHO_C=''
ECHO_N='-n'
ECHO_T=''
EGREP='grep -E'
EXEEXT=''
F77=''
FFLAGS=''
INSTALL_DATA='${INSTALL} -m 644'
INSTALL_PROGRAM='${INSTALL}'
INSTALL_SCRIPT='${INSTALL}'
INSTALL_STRIP_PROGRAM='${SHELL} $(install_sh) -c -s'
LDFLAGS=''
LIBOBJS=''
LIBS='-lcrypt -lnsl '
LIBTOOL='$(SHELL) $(top_builddir)/libtool'
LIBVERSION='2:0:0'
LN_S='ln -s'
LTLIBOBJS=''
MAINT='#'
MAINTAINER_MODE_FALSE=''
MAINTAINER_MODE_TRUE='#'
MAKEINFO='${SHELL} /opt/ONLY_PMIP/20100209_PMIP6D_FINAL_VERSION_GIULIANA/pmip6d/freeradius-client-1.1.6/missing --run makeinfo'
OBJEXT='o'
PACKAGE='radiusclient'
PACKAGE_BUGREPORT=''
PACKAGE_NAME=''
PACKAGE_STRING=''
PACKAGE_TARNAME=''
PACKAGE_VERSION=''
PATH_SEPARATOR=':'
RANLIB='ranlib'
RC_LOG_FACILITY='LOG_DAEMON'
RC_SECURE_PATH='/bin:/usr/bin:/usr/local/bin'
SED='/bin/sed'
SET_MAKE=''
SHELL='/bin/bash'
STRIP='strip'
VERSION='1.1.6'
ac_ct_AR='ar'
ac_ct_CC='gcc'
ac_ct_CXX='g++'
ac_ct_F77=''
ac_ct_RANLIB='ranlib'
ac_ct_STRIP='strip'
am__fastdepCC_FALSE='#'
am__fastdepCC_TRUE=''
am__fastdepCXX_FALSE=''
am__fastdepCXX_TRUE='#'
am__include='include'
am__leading_dot='.'
am__quote=''
am__tar='${AMTAR} chof - "$$tardir"'
am__untar='${AMTAR} xf -'
bindir='${exec_prefix}/bin'
build='i686-pc-linux-gnu'
build_alias=''
build_cpu='i686'
build_os='linux-gnu'
build_vendor='pc'
datadir='${prefix}/share'
exec_prefix='${prefix}'
host='i686-pc-linux-gnu'
host_alias=''
host_cpu='i686'
host_os='linux-gnu'
host_vendor='pc'
includedir='${prefix}/include'
infodir='${prefix}/info'
install_sh='/opt/ONLY_PMIP/20100209_PMIP6D_FINAL_VERSION_GIULIANA/pmip6d/freeradius-client-1.1.6/install-sh'
libdir='${exec_prefix}/lib'
libexecdir='${exec_prefix}/libexec'
localstatedir='${prefix}/var'
mandir='${prefix}/man'
mkdir_p='mkdir -p --'
oldincludedir='/usr/include'
pkgsysconfdir='${prefix}/etc/radiusclient'
prefix='/usr/local'
program_transform_name='s,x,x,'
sbindir='${exec_prefix}/sbin'
sharedstatedir='${prefix}/com'
sysconfdir='${prefix}/etc'
target='i686-pc-linux-gnu'
target_alias=''
target_cpu='i686'
target_os='linux-gnu'
target_vendor='pc'

## ----------- ##
## confdefs.h. ##
## ----------- ##

#define GETHOSTBYADDRRSTYLE_GNU
#define GETHOSTBYADDR_R 1
#define GETHOSTBYNAMERSTYLE_GNU
#define GETHOSTBYNAME_R
#define HAVE_ALLOCA 1
#define HAVE_ALLOCA_H 1
#define HAVE_ARPA_INET_H 1
#define HAVE_CRYPT_H 1
#define HAVE_DEV_URANDOM 1
#define HAVE_DIRENT_H 1
#define HAVE_DLFCN_H 1
#define HAVE_FCNTL 1
#define HAVE_FCNTL_H 1
#define HAVE_FLOCK 1
#define HAVE_GETDOMAINNAME 1
#define HAVE_GETHOSTNAME 1
#define HAVE_GETOPT_H 1
#define HAVE_INTTYPES_H 1
#define HAVE_LIBCRYPT 1
#define HAVE_LIBNSL 1
#define HAVE_MEMORY_H 1
#define HAVE_NETDB_H 1
#define HAVE_NETINET_IN_H 1
#define HAVE_PWD_H 1
#define HAVE_RAND 1
#define HAVE_RANDOM 1
#define HAVE_SIGNAL_H 1
#define HAVE_SNPRINTF 1
#define HAVE_STDINT_H 1
#define HAVE_STDLIB_H 1
#define HAVE_STRCASECMP 1
#define HAVE_STRDUP 1
#define HAVE_STRERROR 1
#define HAVE_STRFTIME 1
#define HAVE_STRINGS_H 1
#define HAVE_STRING_H 1
#define HAVE_SYSINFO 1
#define HAVE_SYSLOG_H 1
#define HAVE_SYS_FCNTL_H 1
#define HAVE_SYS_FILE_H 1
#define HAVE_SYS_IOCTL_H 1
#define HAVE_SYS_SIGNAL_H 1
#define HAVE_SYS_SOCKET_H 1
#define HAVE_SYS_STAT_H 1
#define HAVE_SYS_STAT_H 1
#define HAVE_SYS_TYPES_H 1
#define HAVE_SYS_UTSNAME_H 1
#define HAVE_TERMIOS_H 1
#define HAVE_UNAME 1
#define HAVE_UNISTD_H 1
#define HAVE_UNISTD_H 1
#define HAVE_VSNPRINTF 1
#define LITTLE_ENDIAN 1
#define PACKAGE "radiusclient"
#define PACKAGE_BUGREPORT ""
#define PACKAGE_NAME ""
#define PACKAGE_STRING ""
#define PACKAGE_TARNAME ""
#define PACKAGE_VERSION ""
#define PROTOTYPES 1
#define RETSIGTYPE void
#define STDC_HEADERS 1
#define STDC_HEADERS 1
#define TIME_WITH_SYS_TIME 1
#define VERSION "1.1.6"
#define __PROTOTYPES 1
#endif
#ifdef __cplusplus
void exit (int);

configure: exit 0
