[OCG][I][main src/OCG.c:70]OCG starts ...

[OCG][I][main src/OCG.c:105]An emulation for this file is initiated
[OCG][E][parse_filename src/OCG_parse_filename.c:68]Please use .xml file for configuration with the format "user_name.file_date.xml"
file_date = "year month day hour minute second" without space, 
e.g. 20100201193045 represents in the year 2010, February 1st, 19:30:45
[OCG][I][generate_report src/OCG_generate_report.c:82]A report of OCG is generated in directory "temp_output/"

[OCG][I][main src/OCG.c:105]An emulation for this file is initiated
[OCG][I][create_dir src/OCG_create_dir.c:62]Directory for current emulation is created
[OCG][W][start_element src/OCG_parse_XML.c:247]One element could not be parsed : unknown element name 'OSD'
[OCG][W][start_element src/OCG_parse_XML.c:247]One element could not be parsed : unknown element name 'USER'
[OCG][W][start_element src/OCG_parse_XML.c:247]One element could not be parsed : unknown element name 'PASSLOSSEXPONENT'
[OCG][W][start_element src/OCG_parse_XML.c:247]One element could not be parsed : unknown element name 'PASSLOSS0'
[OCG][W][start_element src/OCG_parse_XML.c:247]One element could not be parsed : unknown element name 'LOGEMUL'
[OCG][I][call_emu src/OCG_call_emu.c:119]Emulation finished
[OCG][I][generate_report src/OCG_generate_report.c:82]A report of OCG is generated in directory "emu_results/root/20110221110248/"

[OCG][I][main src/OCG.c:105]An emulation for this file is initiated
[OCG][I][create_dir src/OCG_create_dir.c:62]Directory for current emulation is created
[OCG][W][start_element src/OCG_parse_XML.c:247]One element could not be parsed : unknown element name 'OSD'
[OCG][W][start_element src/OCG_parse_XML.c:247]One element could not be parsed : unknown element name 'USER'
[OCG][W][start_element src/OCG_parse_XML.c:247]One element could not be parsed : unknown element name 'PASSLOSSEXPONENT'
[OCG][W][start_element src/OCG_parse_XML.c:247]One element could not be parsed : unknown element name 'PASSLOSS0'
[OCG][W][start_element src/OCG_parse_XML.c:247]One element could not be parsed : unknown element name 'LOGEMUL'
[OCG][I][call_emu src/OCG_call_emu.c:119]Emulation finished
[OCG][I][generate_report src/OCG_generate_report.c:82]A report of OCG is generated in directory "emu_results/nikaein/20110218150231/"

[OCG][I][main src/OCG.c:105]An emulation for this file is initiated
[OCG][E][parse_filename src/OCG_parse_filename.c:68]Please use .xml file for configuration with the format "user_name.file_date.xml"
file_date = "year month day hour minute second" without space, 
e.g. 20100201193045 represents in the year 2010, February 1st, 19:30:45
[OCG][I][generate_report src/OCG_generate_report.c:82]A report of OCG is generated in directory "temp_output/"

[OCG][I][main src/OCG.c:105]An emulation for this file is initiated
[OCG][E][parse_filename src/OCG_parse_filename.c:68]Please use .xml file for configuration with the format "user_name.file_date.xml"
file_date = "year month day hour minute second" without space, 
e.g. 20100201193045 represents in the year 2010, February 1st, 19:30:45
[OCG][I][generate_report src/OCG_generate_report.c:82]A report of OCG is generated in directory "temp_output/"

[OCG][I][main src/OCG.c:105]An emulation for this file is initiated
[OCG][I][create_dir src/OCG_create_dir.c:62]Directory for current emulation is created
[OCG][W][start_element src/OCG_parse_XML.c:247]One element could not be parsed : unknown element name 'OSD'
[OCG][W][start_element src/OCG_parse_XML.c:247]One element could not be parsed : unknown element name 'USER'
[OCG][W][start_element src/OCG_parse_XML.c:247]One element could not be parsed : unknown element name 'PASSLOSSEXPONENT'
[OCG][W][start_element src/OCG_parse_XML.c:247]One element could not be parsed : unknown element name 'PASSLOSS0'
[OCG][W][start_element src/OCG_parse_XML.c:247]One element could not be parsed : unknown element name 'LOGEMUL'
[OCG][I][call_emu src/OCG_call_emu.c:119]Emulation finished
[OCG][I][generate_report src/OCG_generate_report.c:82]A report of OCG is generated in directory "emu_results/root/20110221110229/"

[OCG][I][main src/OCG.c:105]An emulation for this file is initiated
[OCG][I][create_dir src/OCG_create_dir.c:62]Directory for current emulation is created
[OCG][W][start_element src/OCG_parse_XML.c:247]One element could not be parsed : unknown element name 'OSD'
[OCG][W][start_element src/OCG_parse_XML.c:247]One element could not be parsed : unknown element name 'USER'
[OCG][W][start_element src/OCG_parse_XML.c:247]One element could not be parsed : unknown element name 'PASSLOSSEXPONENT'
[OCG][W][start_element src/OCG_parse_XML.c:247]One element could not be parsed : unknown element name 'PASSLOSS0'
[OCG][W][start_element src/OCG_parse_XML.c:247]One element could not be parsed : unknown element name 'LOGEMUL'
[OCG][I][call_emu src/OCG_call_emu.c:119]Emulation finished
[OCG][I][generate_report src/OCG_generate_report.c:82]A report of OCG is generated in directory "emu_results/root/20110221110220/"

[OCG][I][main src/OCG.c:105]An emulation for this file is initiated
[OCG][E][parse_filename src/OCG_parse_filename.c:68]Please use .xml file for configuration with the format "user_name.file_date.xml"
file_date = "year month day hour minute second" without space, 
e.g. 20100201193045 represents in the year 2010, February 1st, 19:30:45
[OCG][I][generate_report src/OCG_generate_report.c:82]A report of OCG is generated in directory "temp_output/"

[OCG][I][main src/OCG.c:70]OCG starts ...

[OCG][I][detect_file src/OCG_detect_file.c:68]Configuration file "root.20110221120240.xml" is detected
[OCG][I][main src/OCG.c:105]An emulation for this file is initiated
[OCG][I][create_dir src/OCG_create_dir.c:62]Directory for current emulation is created
[OCG][W][start_element src/OCG_parse_XML.c:247]One element could not be parsed : unknown element name 'OSD'
[OCG][W][start_element src/OCG_parse_XML.c:247]One element could not be parsed : unknown element name 'USER'
[OCG][W][start_element src/OCG_parse_XML.c:247]One element could not be parsed : unknown element name 'PASSLOSSEXPONENT'
[OCG][W][start_element src/OCG_parse_XML.c:247]One element could not be parsed : unknown element name 'PASSLOSS0'
[OCG][W][start_element src/OCG_parse_XML.c:247]One element could not be parsed : unknown element name 'LOGEMUL'
[OCG][I][call_emu src/OCG_call_emu.c:119]Emulation finished
[OCG][I][generate_report src/OCG_generate_report.c:82]A report of OCG is generated in directory "emu_results/root/20110221120240/"

[OCG][I][detect_file src/OCG_detect_file.c:68]Configuration file "root.20110221120243.xml" is detected
[OCG][I][main src/OCG.c:105]An emulation for this file is initiated
[OCG][I][create_dir src/OCG_create_dir.c:62]Directory for current emulation is created
[OCG][W][start_element src/OCG_parse_XML.c:247]One element could not be parsed : unknown element name 'OSD'
[OCG][W][start_element src/OCG_parse_XML.c:247]One element could not be parsed : unknown element name 'USER'
[OCG][W][start_element src/OCG_parse_XML.c:247]One element could not be parsed : unknown element name 'PASSLOSSEXPONENT'
[OCG][W][start_element src/OCG_parse_XML.c:247]One element could not be parsed : unknown element name 'PASSLOSS0'
[OCG][W][start_element src/OCG_parse_XML.c:247]One element could not be parsed : unknown element name 'LOGEMUL'
[OCG][I][call_emu src/OCG_call_emu.c:119]Emulation finished
[OCG][I][generate_report src/OCG_generate_report.c:82]A report of OCG is generated in directory "emu_results/root/20110221120243/"

[OCG][I][detect_file src/OCG_detect_file.c:68]Configuration file "root.20110221120238.xml" is detected
[OCG][I][main src/OCG.c:105]An emulation for this file is initiated
[OCG][I][create_dir src/OCG_create_dir.c:62]Directory for current emulation is created
[OCG][W][start_element src/OCG_parse_XML.c:247]One element could not be parsed : unknown element name 'OSD'
[OCG][W][start_element src/OCG_parse_XML.c:247]One element could not be parsed : unknown element name 'USER'
[OCG][W][start_element src/OCG_parse_XML.c:247]One element could not be parsed : unknown element name 'PASSLOSSEXPONENT'
[OCG][W][start_element src/OCG_parse_XML.c:247]One element could not be parsed : unknown element name 'PASSLOSS0'
[OCG][W][start_element src/OCG_parse_XML.c:247]One element could not be parsed : unknown element name 'LOGEMUL'
[OCG][I][call_emu src/OCG_call_emu.c:119]Emulation finished
[OCG][I][generate_report src/OCG_generate_report.c:82]A report of OCG is generated in directory "emu_results/root/20110221120238/"

[OCG][I][detect_file src/OCG_detect_file.c:68]Configuration file "eurecom_20110208110244.xml" is detected
[OCG][I][main src/OCG.c:105]An emulation for this file is initiated
[OCG][I][create_dir src/OCG_create_dir.c:62]Directory for current emulation is created
[OCG][I][call_emu src/OCG_call_emu.c:119]Emulation finished
[OCG][I][generate_report src/OCG_generate_report.c:82]A report of OCG is generated in directory "emu_results/eurecom/20110208110244/"

[OCG][I][detect_file src/OCG_detect_file.c:68]Configuration file "eurecom_20110208110244.xml" is detected
[OCG][I][main src/OCG.c:105]An emulation for this file is initiated
[OCG][I][create_dir src/OCG_create_dir.c:62]Directory for current emulation is created
[OCG][I][call_emu src/OCG_call_emu.c:119]Emulation finished
[OCG][I][generate_report src/OCG_generate_report.c:82]A report of OCG is generated in directory "emu_results/eurecom/20110208110244/"

[OCG][I][detect_file src/OCG_detect_file.c:68]Configuration file "eurecom_20110208110244.xml" is detected
[OCG][I][main src/OCG.c:105]An emulation for this file is initiated
[OCG][I][create_dir src/OCG_create_dir.c:62]Directory for current emulation is created
[OCG][I][call_emu src/OCG_call_emu.c:119]Emulation finished
[OCG][I][generate_report src/OCG_generate_report.c:82]A report of OCG is generated in directory "emu_results/eurecom/20110208110244/"

[OCG][I][detect_file src/OCG_detect_file.c:68]Configuration file "eurecom_20110208110244.xml" is detected
[OCG][I][main src/OCG.c:105]An emulation for this file is initiated
[OCG][I][create_dir src/OCG_create_dir.c:62]Directory for current emulation is created
[OCG][I][call_emu src/OCG_call_emu.c:119]Emulation finished
[OCG][I][generate_report src/OCG_generate_report.c:82]A report of OCG is generated in directory "emu_results/eurecom/20110208110244/"

[OCG][I][detect_file src/OCG_detect_file.c:68]Configuration file "root.20110221120250.xml" is detected
[OCG][I][main src/OCG.c:105]An emulation for this file is initiated
[OCG][I][create_dir src/OCG_create_dir.c:62]Directory for current emulation is created
[OCG][W][start_element src/OCG_parse_XML.c:247]One element could not be parsed : unknown element name 'OSD'
[OCG][W][start_element src/OCG_parse_XML.c:247]One element could not be parsed : unknown element name 'USER'
[OCG][W][start_element src/OCG_parse_XML.c:247]One element could not be parsed : unknown element name 'PASSLOSSEXPONENT'
[OCG][W][start_element src/OCG_parse_XML.c:247]One element could not be parsed : unknown element name 'PASSLOSS0'
[OCG][W][start_element src/OCG_parse_XML.c:247]One element could not be parsed : unknown element name 'LOGEMUL'
[OCG][I][call_emu src/OCG_call_emu.c:119]Emulation finished
[OCG][I][generate_report src/OCG_generate_report.c:82]A report of OCG is generated in directory "emu_results/root/20110221120250/"

[OCG][I][detect_file src/OCG_detect_file.c:68]Configuration file "eurecom_20110208110244.xml" is detected
[OCG][I][main src/OCG.c:105]An emulation for this file is initiated
[OCG][I][create_dir src/OCG_create_dir.c:62]Directory for current emulation is created
[OCG][I][call_emu src/OCG_call_emu.c:119]Emulation finished
[OCG][I][generate_report src/OCG_generate_report.c:82]A report of OCG is generated in directory "emu_results/eurecom/20110208110244/"

[OCG][I][detect_file src/OCG_detect_file.c:68]Configuration file "root.20110221120206.xml" is detected
[OCG][I][main src/OCG.c:105]An emulation for this file is initiated
[OCG][I][create_dir src/OCG_create_dir.c:62]Directory for current emulation is created
[OCG][W][start_element src/OCG_parse_XML.c:247]One element could not be parsed : unknown element name 'OSD'
[OCG][W][start_element src/OCG_parse_XML.c:247]One element could not be parsed : unknown element name 'USER'
[OCG][W][start_element src/OCG_parse_XML.c:247]One element could not be parsed : unknown element name 'PASSLOSSEXPONENT'
[OCG][W][start_element src/OCG_parse_XML.c:247]One element could not be parsed : unknown element name 'PASSLOSS0'
[OCG][W][start_element src/OCG_parse_XML.c:247]One element could not be parsed : unknown element name 'LOGEMUL'
[OCG][I][call_emu src/OCG_call_emu.c:119]Emulation finished
[OCG][I][generate_report src/OCG_generate_report.c:82]A report of OCG is generated in directory "emu_results/root/20110221120206/"

[OCG][I][main src/OCG.c:70]OCG starts ...

[OCG][I][detect_file src/OCG_detect_file.c:68]Configuration file "root.20110221120226.xml" is detected
[OCG][I][main src/OCG.c:105]An emulation for this file is initiated
[OCG][I][create_dir src/OCG_create_dir.c:62]Directory for current emulation is created
[OCG][W][start_element src/OCG_parse_XML.c:247]One element could not be parsed : unknown element name 'OSD'
[OCG][W][start_element src/OCG_parse_XML.c:247]One element could not be parsed : unknown element name 'USER'
[OCG][W][start_element src/OCG_parse_XML.c:247]One element could not be parsed : unknown element name 'PASSLOSSEXPONENT'
[OCG][W][start_element src/OCG_parse_XML.c:247]One element could not be parsed : unknown element name 'PASSLOSS0'
[OCG][W][start_element src/OCG_parse_XML.c:247]One element could not be parsed : unknown element name 'LOGEMUL'
[OCG][I][call_emu src/OCG_call_emu.c:119]Emulation finished
[OCG][I][generate_report src/OCG_generate_report.c:82]A report of OCG is generated in directory "emu_results/root/20110221120226/"

[OCG][I][detect_file src/OCG_detect_file.c:68]Configuration file ".20110221120221.xml" is detected
[OCG][I][main src/OCG.c:105]An emulation for this file is initiated
[OCG][E][parse_filename src/OCG_parse_filename.c:68]Please use .xml file for configuration with the format "user_name.file_date.xml"
file_date = "year month day hour minute second" without space, 
e.g. 20100201193045 represents in the year 2010, February 1st, 19:30:45
[OCG][I][generate_report src/OCG_generate_report.c:82]A report of OCG is generated in directory "temp_output/"

[OCG][I][detect_file src/OCG_detect_file.c:68]Configuration file "root.20110221120208.xml" is detected
[OCG][I][main src/OCG.c:105]An emulation for this file is initiated
[OCG][I][create_dir src/OCG_create_dir.c:62]Directory for current emulation is created
[OCG][W][start_element src/OCG_parse_XML.c:247]One element could not be parsed : unknown element name 'OSD'
[OCG][W][start_element src/OCG_parse_XML.c:247]One element could not be parsed : unknown element name 'USER'
[OCG][W][start_element src/OCG_parse_XML.c:247]One element could not be parsed : unknown element name 'PASSLOSSEXPONENT'
[OCG][W][start_element src/OCG_parse_XML.c:247]One element could not be parsed : unknown element name 'PASSLOSS0'
[OCG][W][start_element src/OCG_parse_XML.c:247]One element could not be parsed : unknown element name 'LOGEMUL'
[OCG][I][call_emu src/OCG_call_emu.c:119]Emulation finished
[OCG][I][generate_report src/OCG_generate_report.c:82]A report of OCG is generated in directory "emu_results/root/20110221120208/"

[OCG][I][detect_file src/OCG_detect_file.c:68]Configuration file "eurecom_20110208110244.xml" is detected
[OCG][I][main src/OCG.c:105]An emulation for this file is initiated
[OCG][I][create_dir src/OCG_create_dir.c:62]Directory for current emulation is created
[OCG][I][call_emu src/OCG_call_emu.c:119]Emulation finished
[OCG][I][generate_report src/OCG_generate_report.c:82]A report of OCG is generated in directory "emu_results/eurecom/20110208110244/"

[OCG][I][detect_file src/OCG_detect_file.c:68]Configuration file "eurecom_20110208110244.xml" is detected
[OCG][I][main src/OCG.c:105]An emulation for this file is initiated
[OCG][I][create_dir src/OCG_create_dir.c:62]Directory for current emulation is created
[OCG][I][call_emu src/OCG_call_emu.c:119]Emulation finished
[OCG][I][generate_report src/OCG_generate_report.c:82]A report of OCG is generated in directory "emu_results/eurecom/20110208110244/"

[OCG][I][detect_file src/OCG_detect_file.c:68]Configuration file "eurecom_20110208110244.xml" is detected
[OCG][I][main src/OCG.c:105]An emulation for this file is initiated
[OCG][I][create_dir src/OCG_create_dir.c:62]Directory for current emulation is created
[OCG][I][call_emu src/OCG_call_emu.c:119]Emulation finished
[OCG][I][generate_report src/OCG_generate_report.c:82]A report of OCG is generated in directory "emu_results/eurecom/20110208110244/"

[OCG][I][detect_file src/OCG_detect_file.c:68]Configuration file "eurecom_20110208110244.xml" is detected
[OCG][I][main src/OCG.c:105]An emulation for this file is initiated
[OCG][I][create_dir src/OCG_create_dir.c:62]Directory for current emulation is created
[OCG][I][call_emu src/OCG_call_emu.c:119]Emulation finished
[OCG][I][generate_report src/OCG_generate_report.c:82]A report of OCG is generated in directory "emu_results/eurecom/20110208110244/"

[OCG][I][detect_file src/OCG_detect_file.c:68]Configuration file "eurecom_20110208110244.xml" is detected
[OCG][I][main src/OCG.c:105]An emulation for this file is initiated
[OCG][I][create_dir src/OCG_create_dir.c:62]Directory for current emulation is created
[OCG][I][call_emu src/OCG_call_emu.c:119]Emulation finished
[OCG][I][generate_report src/OCG_generate_report.c:82]A report of OCG is generated in directory "emu_results/eurecom/20110208110244/"

[OCG][I][detect_file src/OCG_detect_file.c:68]Configuration file "eurecom_20110208110244.xml" is detected
[OCG][I][main src/OCG.c:105]An emulation for this file is initiated
[OCG][I][create_dir src/OCG_create_dir.c:62]Directory for current emulation is created
[OCG][I][call_emu src/OCG_call_emu.c:119]Emulation finished
[OCG][I][generate_report src/OCG_generate_report.c:82]A report of OCG is generated in directory "emu_results/eurecom/20110208110244/"

[OCG][I][detect_file src/OCG_detect_file.c:68]Configuration file "eurecom_20110208110244.xml" is detected
[OCG][I][main src/OCG.c:105]An emulation for this file is initiated
[OCG][I][create_dir src/OCG_create_dir.c:62]Directory for current emulation is created
[OCG][I][call_emu src/OCG_call_emu.c:119]Emulation finished
[OCG][I][generate_report src/OCG_generate_report.c:82]A report of OCG is generated in directory "emu_results/eurecom/20110208110244/"

[OCG][I][detect_file src/OCG_detect_file.c:68]Configuration file "eurecom_20110208110244.xml" is detected
[OCG][I][main src/OCG.c:105]An emulation for this file is initiated
[OCG][I][create_dir src/OCG_create_dir.c:62]Directory for current emulation is created
[OCG][I][call_emu src/OCG_call_emu.c:119]Emulation finished
[OCG][I][generate_report src/OCG_generate_report.c:82]A report of OCG is generated in directory "emu_results/eurecom/20110208110244/"

[OCG][I][detect_file src/OCG_detect_file.c:68]Configuration file "eurecom_20110208110244.xml" is detected
[OCG][I][main src/OCG.c:105]An emulation for this file is initiated
[OCG][I][create_dir src/OCG_create_dir.c:62]Directory for current emulation is created
[OCG][I][call_emu src/OCG_call_emu.c:119]Emulation finished
[OCG][I][generate_report src/OCG_generate_report.c:82]A report of OCG is generated in directory "emu_results/eurecom/20110208110244/"

[OCG][I][detect_file src/OCG_detect_file.c:68]Configuration file "eurecom_20110208110244.xml" is detected
[OCG][I][main src/OCG.c:105]An emulation for this file is initiated
[OCG][I][create_dir src/OCG_create_dir.c:62]Directory for current emulation is created
[OCG][I][call_emu src/OCG_call_emu.c:119]Emulation finished
[OCG][I][generate_report src/OCG_generate_report.c:82]A report of OCG is generated in directory "emu_results/eurecom/20110208110244/"

[OCG][I][detect_file src/OCG_detect_file.c:68]Configuration file "eurecom_20110208110244.xml" is detected
[OCG][I][main src/OCG.c:105]An emulation for this file is initiated
[OCG][I][create_dir src/OCG_create_dir.c:62]Directory for current emulation is created
[OCG][I][call_emu src/OCG_call_emu.c:119]Emulation finished
[OCG][I][generate_report src/OCG_generate_report.c:82]A report of OCG is generated in directory "emu_results/eurecom/20110208110244/"

[OCG][I][detect_file src/OCG_detect_file.c:68]Configuration file "eurecom_20110208110244.xml" is detected
[OCG][I][main src/OCG.c:105]An emulation for this file is initiated
[OCG][I][create_dir src/OCG_create_dir.c:62]Directory for current emulation is created
[OCG][I][call_emu src/OCG_call_emu.c:119]Emulation finished
[OCG][I][generate_report src/OCG_generate_report.c:82]A report of OCG is generated in directory "emu_results/eurecom/20110208110244/"

[OCG][I][detect_file src/OCG_detect_file.c:68]Configuration file "eurecom_20110208110244.xml" is detected
[OCG][I][main src/OCG.c:105]An emulation for this file is initiated
[OCG][I][create_dir src/OCG_create_dir.c:62]Directory for current emulation is created
[OCG][I][call_emu src/OCG_call_emu.c:119]Emulation finished
[OCG][I][generate_report src/OCG_generate_report.c:82]A report of OCG is generated in directory "emu_results/eurecom/20110208110244/"

[OCG][I][detect_file src/OCG_detect_file.c:68]Configuration file "eurecom_20110208110244.xml" is detected
[OCG][I][main src/OCG.c:105]An emulation for this file is initiated
[OCG][I][create_dir src/OCG_create_dir.c:62]Directory for current emulation is created
[OCG][I][call_emu src/OCG_call_emu.c:119]Emulation finished
[OCG][I][generate_report src/OCG_generate_report.c:82]A report of OCG is generated in directory "emu_results/eurecom/20110208110244/"

[OCG][I][detect_file src/OCG_detect_file.c:68]Configuration file "eurecom_20110208110244.xml" is detected
[OCG][I][main src/OCG.c:105]An emulation for this file is initiated
[OCG][I][create_dir src/OCG_create_dir.c:62]Directory for current emulation is created
[OCG][I][call_emu src/OCG_call_emu.c:119]Emulation finished
[OCG][I][generate_report src/OCG_generate_report.c:82]A report of OCG is generated in directory "emu_results/eurecom/20110208110244/"

[OCG][I][detect_file src/OCG_detect_file.c:68]Configuration file "eurecom_20110208110244.xml" is detected
[OCG][I][main src/OCG.c:105]An emulation for this file is initiated
[OCG][I][create_dir src/OCG_create_dir.c:62]Directory for current emulation is created
[OCG][I][call_emu src/OCG_call_emu.c:119]Emulation finished
[OCG][I][generate_report src/OCG_generate_report.c:82]A report of OCG is generated in directory "emu_results/eurecom/20110208110244/"

[OCG][I][detect_file src/OCG_detect_file.c:68]Configuration file "root.20110221120218.xml" is detected
[OCG][I][main src/OCG.c:105]An emulation for this file is initiated
[OCG][I][create_dir src/OCG_create_dir.c:62]Directory for current emulation is created
[OCG][W][start_element src/OCG_parse_XML.c:247]One element could not be parsed : unknown element name 'OSD'
[OCG][W][start_element src/OCG_parse_XML.c:247]One element could not be parsed : unknown element name 'USER'
[OCG][W][start_element src/OCG_parse_XML.c:247]One element could not be parsed : unknown element name 'PASSLOSSEXPONENT'
[OCG][W][start_element src/OCG_parse_XML.c:247]One element could not be parsed : unknown element name 'PASSLOSS0'
[OCG][W][start_element src/OCG_parse_XML.c:247]One element could not be parsed : unknown element name 'LOGEMUL'
[OCG][I][call_emu src/OCG_call_emu.c:119]Emulation finished
[OCG][I][generate_report src/OCG_generate_report.c:82]A report of OCG is generated in directory "emu_results/root/20110221120218/"

[OCG][I][detect_file src/OCG_detect_file.c:68]Configuration file "root.20110221120244.xml" is detected
[OCG][I][main src/OCG.c:105]An emulation for this file is initiated
[OCG][I][create_dir src/OCG_create_dir.c:62]Directory for current emulation is created
[OCG][W][start_element src/OCG_parse_XML.c:247]One element could not be parsed : unknown element name 'OSD'
[OCG][W][start_element src/OCG_parse_XML.c:247]One element could not be parsed : unknown element name 'USER'
[OCG][W][start_element src/OCG_parse_XML.c:247]One element could not be parsed : unknown element name 'PASSLOSSEXPONENT'
[OCG][W][start_element src/OCG_parse_XML.c:247]One element could not be parsed : unknown element name 'PASSLOSS0'
[OCG][W][start_element src/OCG_parse_XML.c:247]One element could not be parsed : unknown element name 'LOGEMUL'
[OCG][I][call_emu src/OCG_call_emu.c:119]Emulation finished
[OCG][I][generate_report src/OCG_generate_report.c:82]A report of OCG is generated in directory "emu_results/root/20110221120244/"

[OCG][I][detect_file src/OCG_detect_file.c:68]Configuration file "root.20110221120256.xml" is detected
[OCG][I][main src/OCG.c:105]An emulation for this file is initiated
[OCG][I][create_dir src/OCG_create_dir.c:62]Directory for current emulation is created
[OCG][W][start_element src/OCG_parse_XML.c:247]One element could not be parsed : unknown element name 'OSD'
[OCG][W][start_element src/OCG_parse_XML.c:247]One element could not be parsed : unknown element name 'USER'
[OCG][W][start_element src/OCG_parse_XML.c:247]One element could not be parsed : unknown element name 'PASSLOSSEXPONENT'
[OCG][W][start_element src/OCG_parse_XML.c:247]One element could not be parsed : unknown element name 'PASSLOSS0'
[OCG][W][start_element src/OCG_parse_XML.c:247]One element could not be parsed : unknown element name 'LOGEMUL'
[OCG][I][call_emu src/OCG_call_emu.c:119]Emulation finished
[OCG][I][generate_report src/OCG_generate_report.c:82]A report of OCG is generated in directory "emu_results/root/20110221120256/"

[OCG][I][main src/OCG.c:70]OCG starts ...

[OCG][I][detect_file src/OCG_detect_file.c:68]Configuration file "root.20110221120219.xml" is detected
[OCG][I][main src/OCG.c:105]An emulation for this file is initiated
[OCG][I][create_dir src/OCG_create_dir.c:62]Directory for current emulation is created
[OCG][W][start_element src/OCG_parse_XML.c:247]One element could not be parsed : unknown element name 'OSD'
[OCG][W][start_element src/OCG_parse_XML.c:247]One element could not be parsed : unknown element name 'USER'
[OCG][W][start_element src/OCG_parse_XML.c:247]One element could not be parsed : unknown element name 'PASSLOSSEXPONENT'
[OCG][W][start_element src/OCG_parse_XML.c:247]One element could not be parsed : unknown element name 'PASSLOSS0'
[OCG][W][start_element src/OCG_parse_XML.c:247]One element could not be parsed : unknown element name 'LOGEMUL'
[OCG][I][call_emu src/OCG_call_emu.c:123]Emulation finished
[OCG][I][generate_report src/OCG_generate_report.c:82]A report of OCG is generated in directory "emu_results/root/20110221120219/"

[OCG][I][main src/OCG.c:70]OCG starts ...

[OCG][I][detect_file src/OCG_detect_file.c:68]Configuration file "root.20110221130252.xml" is detected
[OCG][I][main src/OCG.c:105]An emulation for this file is initiated
[OCG][I][create_dir src/OCG_create_dir.c:62]Directory for current emulation is created
[OCG][W][start_element src/OCG_parse_XML.c:247]One element could not be parsed : unknown element name 'OSD'
[OCG][W][start_element src/OCG_parse_XML.c:247]One element could not be parsed : unknown element name 'USER'
[OCG][W][start_element src/OCG_parse_XML.c:247]One element could not be parsed : unknown element name 'PASSLOSSEXPONENT'
[OCG][W][start_element src/OCG_parse_XML.c:247]One element could not be parsed : unknown element name 'PASSLOSS0'
[OCG][W][start_element src/OCG_parse_XML.c:247]One element could not be parsed : unknown element name 'LOGEMUL'
[OCG][I][call_emu src/OCG_call_emu.c:123]Emulation finished
[OCG][I][generate_report src/OCG_generate_report.c:82]A report of OCG is generated in directory "emu_results/root/20110221130252/"

[OCG][I][detect_file src/OCG_detect_file.c:68]Configuration file "root.20110221130222.xml" is detected
[OCG][I][main src/OCG.c:105]An emulation for this file is initiated
[OCG][I][create_dir src/OCG_create_dir.c:62]Directory for current emulation is created
[OCG][W][start_element src/OCG_parse_XML.c:247]One element could not be parsed : unknown element name 'OSD'
[OCG][W][start_element src/OCG_parse_XML.c:247]One element could not be parsed : unknown element name 'USER'
[OCG][W][start_element src/OCG_parse_XML.c:247]One element could not be parsed : unknown element name 'PASSLOSSEXPONENT'
[OCG][W][start_element src/OCG_parse_XML.c:247]One element could not be parsed : unknown element name 'PASSLOSS0'
[OCG][W][start_element src/OCG_parse_XML.c:247]One element could not be parsed : unknown element name 'LOGEMUL'
[OCG][I][call_emu src/OCG_call_emu.c:123]Emulation finished
[OCG][I][generate_report src/OCG_generate_report.c:82]A report of OCG is generated in directory "emu_results/root/20110221130222/"

[OCG][I][main src/OCG.c:70]OCG starts ...

[OCG][I][detect_file src/OCG_detect_file.c:68]Configuration file "root.20110221140216.xml" is detected
[OCG][I][main src/OCG.c:105]An emulation for this file is initiated
[OCG][I][create_dir src/OCG_create_dir.c:62]Directory for current emulation is created
[OCG][W][start_element src/OCG_parse_XML.c:247]One element could not be parsed : unknown element name 'OSD'
[OCG][W][start_element src/OCG_parse_XML.c:247]One element could not be parsed : unknown element name 'USER'
[OCG][W][start_element src/OCG_parse_XML.c:247]One element could not be parsed : unknown element name 'PASSLOSSEXPONENT'
[OCG][W][start_element src/OCG_parse_XML.c:247]One element could not be parsed : unknown element name 'PASSLOSS0'
[OCG][W][start_element src/OCG_parse_XML.c:247]One element could not be parsed : unknown element name 'LOGEMUL'
[OCG][I][call_emu src/OCG_call_emu.c:123]Emulation finished
[OCG][I][generate_report src/OCG_generate_report.c:82]A report of OCG is generated in directory "emu_results/root/20110221140216/"

[OCG][I][main src/OCG.c:70]OCG starts ...

[OCG][I][detect_file src/OCG_detect_file.c:68]Configuration file "eurecom_20110208110244.xml" is detected
[OCG][I][main src/OCG.c:105]An emulation for this file is initiated
[OCG][I][create_dir src/OCG_create_dir.c:62]Directory for current emulation is created
[OCG][I][call_emu src/OCG_call_emu.c:123]Emulation finished
[OCG][I][generate_report src/OCG_generate_report.c:82]A report of OCG is generated in directory "emu_results/eurecom/20110208110244/"

[OCG][I][detect_file src/OCG_detect_file.c:68]Configuration file "eurecom_20110208110244.xml" is detected
[OCG][I][main src/OCG.c:105]An emulation for this file is initiated
[OCG][I][create_dir src/OCG_create_dir.c:62]Directory for current emulation is created
[OCG][I][call_emu src/OCG_call_emu.c:123]Emulation finished
[OCG][I][generate_report src/OCG_generate_report.c:82]A report of OCG is generated in directory "emu_results/eurecom/20110208110244/"

[OCG][I][detect_file src/OCG_detect_file.c:68]Configuration file "eurecom_20110208110244.xml" is detected
[OCG][I][main src/OCG.c:105]An emulation for this file is initiated
[OCG][I][create_dir src/OCG_create_dir.c:62]Directory for current emulation is created
[OCG][I][call_emu src/OCG_call_emu.c:123]Emulation finished
[OCG][I][generate_report src/OCG_generate_report.c:82]A report of OCG is generated in directory "emu_results/eurecom/20110208110244/"

[OCG][I][detect_file src/OCG_detect_file.c:68]Configuration file "toto" is detected
[OCG][I][main src/OCG.c:105]An emulation for this file is initiated
[OCG][E][parse_filename src/OCG_parse_filename.c:68]Please use .xml file for configuration with the format "user_name.file_date.xml"
file_date = "year month day hour minute second" without space, 
e.g. 20100201193045 represents in the year 2010, February 1st, 19:30:45
[OCG][I][generate_report src/OCG_generate_report.c:82]A report of OCG is generated in directory "temp_output/"

[OCG][I][detect_file src/OCG_detect_file.c:68]Configuration file "toto" is detected
[OCG][I][main src/OCG.c:105]An emulation for this file is initiated
[OCG][E][parse_filename src/OCG_parse_filename.c:68]Please use .xml file for configuration with the format "user_name.file_date.xml"
file_date = "year month day hour minute second" without space, 
e.g. 20100201193045 represents in the year 2010, February 1st, 19:30:45
[OCG][I][generate_report src/OCG_generate_report.c:82]A report of OCG is generated in directory "temp_output/"

[OCG][I][detect_file src/OCG_detect_file.c:68]Configuration file "toto" is detected
[OCG][I][main src/OCG.c:105]An emulation for this file is initiated
[OCG][E][parse_filename src/OCG_parse_filename.c:68]Please use .xml file for configuration with the format "user_name.file_date.xml"
file_date = "year month day hour minute second" without space, 
e.g. 20100201193045 represents in the year 2010, February 1st, 19:30:45
[OCG][I][generate_report src/OCG_generate_report.c:82]A report of OCG is generated in directory "temp_output/"

[OCG][I][detect_file src/OCG_detect_file.c:68]Configuration file "tota" is detected
[OCG][I][main src/OCG.c:105]An emulation for this file is initiated
[OCG][E][parse_filename src/OCG_parse_filename.c:68]Please use .xml file for configuration with the format "user_name.file_date.xml"
file_date = "year month day hour minute second" without space, 
e.g. 20100201193045 represents in the year 2010, February 1st, 19:30:45
[OCG][I][generate_report src/OCG_generate_report.c:82]A report of OCG is generated in directory "temp_output/"

[OCG][I][detect_file src/OCG_detect_file.c:68]Configuration file "tota" is detected
[OCG][I][main src/OCG.c:105]An emulation for this file is initiated
[OCG][E][parse_filename src/OCG_parse_filename.c:68]Please use .xml file for configuration with the format "user_name.file_date.xml"
file_date = "year month day hour minute second" without space, 
e.g. 20100201193045 represents in the year 2010, February 1st, 19:30:45
[OCG][I][generate_report src/OCG_generate_report.c:82]A report of OCG is generated in directory "temp_output/"

[OCG][I][detect_file src/OCG_detect_file.c:68]Configuration file "totq" is detected
[OCG][I][main src/OCG.c:105]An emulation for this file is initiated
[OCG][E][parse_filename src/OCG_parse_filename.c:68]Please use .xml file for configuration with the format "user_name.file_date.xml"
file_date = "year month day hour minute second" without space, 
e.g. 20100201193045 represents in the year 2010, February 1st, 19:30:45
[OCG][I][generate_report src/OCG_generate_report.c:82]A report of OCG is generated in directory "temp_output/"

[OCG][I][detect_file src/OCG_detect_file.c:68]Configuration file "totr" is detected
[OCG][I][main src/OCG.c:105]An emulation for this file is initiated
[OCG][E][parse_filename src/OCG_parse_filename.c:68]Please use .xml file for configuration with the format "user_name.file_date.xml"
file_date = "year month day hour minute second" without space, 
e.g. 20100201193045 represents in the year 2010, February 1st, 19:30:45
[OCG][I][generate_report src/OCG_generate_report.c:82]A report of OCG is generated in directory "temp_output/"

[OCG][I][detect_file src/OCG_detect_file.c:68]Configuration file "root.20110221170200.xml" is detected
[OCG][I][main src/OCG.c:105]An emulation for this file is initiated
[OCG][I][create_dir src/OCG_create_dir.c:62]Directory for current emulation is created
[OCG][W][start_element src/OCG_parse_XML.c:247]One element could not be parsed : unknown element name 'OSD'
[OCG][W][start_element src/OCG_parse_XML.c:247]One element could not be parsed : unknown element name 'USER'
[OCG][W][start_element src/OCG_parse_XML.c:247]One element could not be parsed : unknown element name 'PASSLOSSEXPONENT'
[OCG][W][start_element src/OCG_parse_XML.c:247]One element could not be parsed : unknown element name 'PASSLOSS0'
[OCG][W][start_element src/OCG_parse_XML.c:247]One element could not be parsed : unknown element name 'LOGEMUL'
[OCG][I][call_emu src/OCG_call_emu.c:123]Emulation finished
[OCG][I][generate_report src/OCG_generate_report.c:82]A report of OCG is generated in directory "emu_results/root/20110221170200/"

[OCG][I][detect_file src/OCG_detect_file.c:68]Configuration file "root.20110221170221.xml" is detected
[OCG][I][main src/OCG.c:105]An emulation for this file is initiated
[OCG][I][create_dir src/OCG_create_dir.c:62]Directory for current emulation is created
[OCG][W][start_element src/OCG_parse_XML.c:247]One element could not be parsed : unknown element name 'OSD'
[OCG][W][start_element src/OCG_parse_XML.c:247]One element could not be parsed : unknown element name 'USER'
[OCG][W][start_element src/OCG_parse_XML.c:247]One element could not be parsed : unknown element name 'PASSLOSSEXPONENT'
[OCG][W][start_element src/OCG_parse_XML.c:247]One element could not be parsed : unknown element name 'PASSLOSS0'
[OCG][W][start_element src/OCG_parse_XML.c:247]One element could not be parsed : unknown element name 'LOGEMUL'
[OCG][I][call_emu src/OCG_call_emu.c:123]Emulation finished
[OCG][I][generate_report src/OCG_generate_report.c:82]A report of OCG is generated in directory "emu_results/root/20110221170221/"

[OCG][I][detect_file src/OCG_detect_file.c:68]Configuration file "eurecom_20110208110244.xml" is detected
[OCG][I][main src/OCG.c:105]An emulation for this file is initiated
[OCG][I][create_dir src/OCG_create_dir.c:62]Directory for current emulation is created
[OCG][I][call_emu src/OCG_call_emu.c:123]Emulation finished
[OCG][I][generate_report src/OCG_generate_report.c:82]A report of OCG is generated in directory "emu_results/eurecom/20110208110244/"

[OCG][I][detect_file src/OCG_detect_file.c:68]Configuration file "eurecom_20110208110244.xml" is detected
[OCG][I][main src/OCG.c:105]An emulation for this file is initiated
[OCG][I][create_dir src/OCG_create_dir.c:62]Directory for current emulation is created
[OCG][I][call_emu src/OCG_call_emu.c:123]Emulation finished
[OCG][I][generate_report src/OCG_generate_report.c:82]A report of OCG is generated in directory "emu_results/eurecom/20110208110244/"

[OCG][I][main src/OCG.c:70]OCG starts ...

[OCG][I][detect_file src/OCG_detect_file.c:68]Configuration file ".20110301150332.xml" is detected
[OCG][I][main src/OCG.c:105]An emulation for this file is initiated
[OCG][E][parse_filename src/OCG_parse_filename.c:68]Please use .xml file for configuration with the format "user_name.file_date.xml"
file_date = "year month day hour minute second" without space, 
e.g. 20100201193045 represents in the year 2010, February 1st, 19:30:45
[OCG][I][generate_report src/OCG_generate_report.c:82]A report of OCG is generated in directory "temp_output/"

[OCG][I][detect_file src/OCG_detect_file.c:68]Configuration file "eurecom.20110228210258.xml" is detected
[OCG][I][main src/OCG.c:105]An emulation for this file is initiated
[OCG][I][create_dir src/OCG_create_dir.c:62]Directory for current emulation is created
[OCG][W][start_element src/OCG_parse_XML.c:247]One element could not be parsed : unknown element name 'OSD'
[OCG][W][start_element src/OCG_parse_XML.c:247]One element could not be parsed : unknown element name 'USER'
[OCG][W][start_element src/OCG_parse_XML.c:247]One element could not be parsed : unknown element name 'PASSLOSSEXPONENT'
[OCG][W][start_element src/OCG_parse_XML.c:247]One element could not be parsed : unknown element name 'PASSLOSS0'
[OCG][W][start_element src/OCG_parse_XML.c:247]One element could not be parsed : unknown element name 'LOGEMUL'
[OCG][I][main src/OCG.c:70]OCG starts ...

[OCG][I][detect_file src/OCG_detect_file.c:68]Configuration file "eurecom.20110228210258.xml" is detected
[OCG][I][main src/OCG.c:105]An emulation for this file is initiated
[OCG][I][create_dir src/OCG_create_dir.c:62]Directory for current emulation is created
[OCG][W][start_element src/OCG_parse_XML.c:247]One element could not be parsed : unknown element name 'OSD'
[OCG][W][start_element src/OCG_parse_XML.c:247]One element could not be parsed : unknown element name 'USER'
[OCG][W][start_element src/OCG_parse_XML.c:247]One element could not be parsed : unknown element name 'PASSLOSSEXPONENT'
[OCG][W][start_element src/OCG_parse_XML.c:247]One element could not be parsed : unknown element name 'PASSLOSS0'
[OCG][W][start_element src/OCG_parse_XML.c:247]One element could not be parsed : unknown element name 'LOGEMUL'
[OCG][I][main src/OCG.c:70]OCG starts ...

[OCG][I][detect_file src/OCG_detect_file.c:68]Configuration file "eurecom.20110228210258.xml" is detected
[OCG][I][main src/OCG.c:105]An emulation for this file is initiated
[OCG][I][create_dir src/OCG_create_dir.c:62]Directory for current emulation is created
[OCG][W][start_element src/OCG_parse_XML.c:247]One element could not be parsed : unknown element name 'OSD'
[OCG][W][start_element src/OCG_parse_XML.c:247]One element could not be parsed : unknown element name 'USER'
[OCG][W][start_element src/OCG_parse_XML.c:247]One element could not be parsed : unknown element name 'PASSLOSSEXPONENT'
[OCG][W][start_element src/OCG_parse_XML.c:247]One element could not be parsed : unknown element name 'PASSLOSS0'
[OCG][W][start_element src/OCG_parse_XML.c:247]One element could not be parsed : unknown element name 'LOGEMUL'
[OCG][I][main src/OCG.c:70]OCG starts ...

[OCG][I][detect_file src/OCG_detect_file.c:68]Configuration file "eurecom.20110228210258.xml" is detected
[OCG][I][main src/OCG.c:105]An emulation for this file is initiated
[OCG][I][create_dir src/OCG_create_dir.c:62]Directory for current emulation is created
[OCG][W][start_element src/OCG_parse_XML.c:247]One element could not be parsed : unknown element name 'OSD'
[OCG][W][start_element src/OCG_parse_XML.c:247]One element could not be parsed : unknown element name 'USER'
[OCG][W][start_element src/OCG_parse_XML.c:247]One element could not be parsed : unknown element name 'PASSLOSSEXPONENT'
[OCG][W][start_element src/OCG_parse_XML.c:247]One element could not be parsed : unknown element name 'PASSLOSS0'
[OCG][W][start_element src/OCG_parse_XML.c:247]One element could not be parsed : unknown element name 'LOGEMUL'
[OCG][I][main src/OCG.c:70]OCG starts ...

[OCG][I][detect_file src/OCG_detect_file.c:68]Configuration file "eurecom.20110228210258.xml" is detected
[OCG][I][main src/OCG.c:105]An emulation for this file is initiated
[OCG][I][create_dir src/OCG_create_dir.c:62]Directory for current emulation is created
[OCG][W][start_element src/OCG_parse_XML.c:247]One element could not be parsed : unknown element name 'OSD'
[OCG][W][start_element src/OCG_parse_XML.c:247]One element could not be parsed : unknown element name 'USER'
[OCG][W][start_element src/OCG_parse_XML.c:247]One element could not be parsed : unknown element name 'PASSLOSSEXPONENT'
[OCG][W][start_element src/OCG_parse_XML.c:247]One element could not be parsed : unknown element name 'PASSLOSS0'
[OCG][W][start_element src/OCG_parse_XML.c:247]One element could not be parsed : unknown element name 'LOGEMUL'
[OCG][I][main src/OCG.c:70]OCG starts ...

[OCG][I][detect_file src/OCG_detect_file.c:68]Configuration file "eurecom.20110228210258.xml" is detected
[OCG][I][main src/OCG.c:105]An emulation for this file is initiated
[OCG][I][create_dir src/OCG_create_dir.c:62]Directory for current emulation is created
[OCG][W][start_element src/OCG_parse_XML.c:247]One element could not be parsed : unknown element name 'OSD'
[OCG][W][start_element src/OCG_parse_XML.c:247]One element could not be parsed : unknown element name 'USER'
[OCG][W][start_element src/OCG_parse_XML.c:247]One element could not be parsed : unknown element name 'PASSLOSSEXPONENT'
[OCG][W][start_element src/OCG_parse_XML.c:247]One element could not be parsed : unknown element name 'PASSLOSS0'
[OCG][W][start_element src/OCG_parse_XML.c:247]One element could not be parsed : unknown element name 'LOGEMUL'
[OCG][I][main src/OCG.c:70]OCG starts ...

[OCG][I][detect_file src/OCG_detect_file.c:68]Configuration file "eurecom.20110228210258.xml" is detected
[OCG][I][main src/OCG.c:105]An emulation for this file is initiated
[OCG][I][create_dir src/OCG_create_dir.c:62]Directory for current emulation is created
[OCG][W][start_element src/OCG_parse_XML.c:247]One element could not be parsed : unknown element name 'OSD'
[OCG][W][start_element src/OCG_parse_XML.c:247]One element could not be parsed : unknown element name 'USER'
[OCG][W][start_element src/OCG_parse_XML.c:247]One element could not be parsed : unknown element name 'PASSLOSSEXPONENT'
[OCG][W][start_element src/OCG_parse_XML.c:247]One element could not be parsed : unknown element name 'PASSLOSS0'
[OCG][W][start_element src/OCG_parse_XML.c:247]One element could not be parsed : unknown element name 'LOGEMUL'
[OCG][I][main src/OCG.c:70]OCG starts ...

[OCG][I][detect_file src/OCG_detect_file.c:68]Configuration file "eurecom.20110228210258.xml" is detected
[OCG][I][main src/OCG.c:105]An emulation for this file is initiated
[OCG][I][create_dir src/OCG_create_dir.c:62]Directory for current emulation is created
[OCG][W][start_element src/OCG_parse_XML.c:247]One element could not be parsed : unknown element name 'OSD'
[OCG][W][start_element src/OCG_parse_XML.c:247]One element could not be parsed : unknown element name 'USER'
[OCG][W][start_element src/OCG_parse_XML.c:247]One element could not be parsed : unknown element name 'PASSLOSSEXPONENT'
[OCG][W][start_element src/OCG_parse_XML.c:247]One element could not be parsed : unknown element name 'PASSLOSS0'
[OCG][W][start_element src/OCG_parse_XML.c:247]One element could not be parsed : unknown element name 'LOGEMUL'
[OCG][I][main src/OCG.c:70]OCG starts ...

[OCG][I][detect_file src/OCG_detect_file.c:68]Configuration file "eurecom.20110228210258.xml" is detected
[OCG][I][main src/OCG.c:105]An emulation for this file is initiated
[OCG][I][create_dir src/OCG_create_dir.c:62]Directory for current emulation is created
[OCG][W][start_element src/OCG_parse_XML.c:247]One element could not be parsed : unknown element name 'OSD'
[OCG][W][start_element src/OCG_parse_XML.c:247]One element could not be parsed : unknown element name 'USER'
[OCG][W][start_element src/OCG_parse_XML.c:247]One element could not be parsed : unknown element name 'PASSLOSSEXPONENT'
[OCG][W][start_element src/OCG_parse_XML.c:247]One element could not be parsed : unknown element name 'PASSLOSS0'
[OCG][W][start_element src/OCG_parse_XML.c:247]One element could not be parsed : unknown element name 'LOGEMUL'
[OCG][I][main src/OCG.c:70]OCG starts ...

[OCG][I][detect_file src/OCG_detect_file.c:68]Configuration file "eurecom.20110228210258.xml" is detected
[OCG][I][main src/OCG.c:105]An emulation for this file is initiated
[OCG][I][create_dir src/OCG_create_dir.c:62]Directory for current emulation is created
[OCG][W][start_element src/OCG_parse_XML.c:247]One element could not be parsed : unknown element name 'OSD'
[OCG][W][start_element src/OCG_parse_XML.c:247]One element could not be parsed : unknown element name 'USER'
[OCG][W][start_element src/OCG_parse_XML.c:247]One element could not be parsed : unknown element name 'PASSLOSSEXPONENT'
[OCG][W][start_element src/OCG_parse_XML.c:247]One element could not be parsed : unknown element name 'PASSLOSS0'
[OCG][W][start_element src/OCG_parse_XML.c:247]One element could not be parsed : unknown element name 'LOGEMUL'
[OCG][I][main src/OCG.c:70]OCG starts ...

[OCG][I][detect_file src/OCG_detect_file.c:68]Configuration file "eurecom.20110228210258.xml" is detected
[OCG][I][main src/OCG.c:105]An emulation for this file is initiated
[OCG][I][create_dir src/OCG_create_dir.c:62]Directory for current emulation is created
[OCG][W][start_element src/OCG_parse_XML.c:247]One element could not be parsed : unknown element name 'OSD'
[OCG][W][start_element src/OCG_parse_XML.c:247]One element could not be parsed : unknown element name 'USER'
[OCG][W][start_element src/OCG_parse_XML.c:247]One element could not be parsed : unknown element name 'PASSLOSSEXPONENT'
[OCG][W][start_element src/OCG_parse_XML.c:247]One element could not be parsed : unknown element name 'PASSLOSS0'
[OCG][W][start_element src/OCG_parse_XML.c:247]One element could not be parsed : unknown element name 'LOGEMUL'
[OCG][I][main src/OCG.c:70]OCG starts ...

[OCG][I][detect_file src/OCG_detect_file.c:68]Configuration file "eurecom.20110228210258.xml" is detected
[OCG][I][main src/OCG.c:105]An emulation for this file is initiated
[OCG][I][create_dir src/OCG_create_dir.c:62]Directory for current emulation is created
[OCG][W][start_element src/OCG_parse_XML.c:247]One element could not be parsed : unknown element name 'OSD'
[OCG][W][start_element src/OCG_parse_XML.c:247]One element could not be parsed : unknown element name 'USER'
[OCG][W][start_element src/OCG_parse_XML.c:247]One element could not be parsed : unknown element name 'PASSLOSSEXPONENT'
[OCG][W][start_element src/OCG_parse_XML.c:247]One element could not be parsed : unknown element name 'PASSLOSS0'
[OCG][W][start_element src/OCG_parse_XML.c:247]One element could not be parsed : unknown element name 'LOGEMUL'
[OCG][I][main src/OCG.c:70]OCG starts ...

[OCG][I][detect_file src/OCG_detect_file.c:68]Configuration file "eurecom.20110228210258.xml" is detected
[OCG][I][main src/OCG.c:105]An emulation for this file is initiated
[OCG][I][create_dir src/OCG_create_dir.c:62]Directory for current emulation is created
[OCG][W][start_element src/OCG_parse_XML.c:247]One element could not be parsed : unknown element name 'OSD'
[OCG][W][start_element src/OCG_parse_XML.c:247]One element could not be parsed : unknown element name 'USER'
[OCG][W][start_element src/OCG_parse_XML.c:247]One element could not be parsed : unknown element name 'PASSLOSSEXPONENT'
[OCG][W][start_element src/OCG_parse_XML.c:247]One element could not be parsed : unknown element name 'PASSLOSS0'
[OCG][W][start_element src/OCG_parse_XML.c:247]One element could not be parsed : unknown element name 'LOGEMUL'
[OCG][I][main src/OCG.c:70]OCG starts ...

[OCG][I][detect_file src/OCG_detect_file.c:68]Configuration file "eurecom.20110228210258.xml" is detected
[OCG][I][main src/OCG.c:105]An emulation for this file is initiated
[OCG][I][create_dir src/OCG_create_dir.c:62]Directory for current emulation is created
[OCG][W][start_element src/OCG_parse_XML.c:247]One element could not be parsed : unknown element name 'OSD'
[OCG][W][start_element src/OCG_parse_XML.c:247]One element could not be parsed : unknown element name 'USER'
[OCG][W][start_element src/OCG_parse_XML.c:247]One element could not be parsed : unknown element name 'PASSLOSSEXPONENT'
[OCG][W][start_element src/OCG_parse_XML.c:247]One element could not be parsed : unknown element name 'PASSLOSS0'
[OCG][W][start_element src/OCG_parse_XML.c:247]One element could not be parsed : unknown element name 'LOGEMUL'
[OCG][I][main src/OCG.c:70]OCG starts ...

[OCG][I][detect_file src/OCG_detect_file.c:68]Configuration file "eurecom.20110228210258.xml" is detected
[OCG][I][main src/OCG.c:105]An emulation for this file is initiated
[OCG][I][create_dir src/OCG_create_dir.c:62]Directory for current emulation is created
[OCG][W][start_element src/OCG_parse_XML.c:247]One element could not be parsed : unknown element name 'OSD'
[OCG][W][start_element src/OCG_parse_XML.c:247]One element could not be parsed : unknown element name 'USER'
[OCG][W][start_element src/OCG_parse_XML.c:247]One element could not be parsed : unknown element name 'PASSLOSSEXPONENT'
[OCG][W][start_element src/OCG_parse_XML.c:247]One element could not be parsed : unknown element name 'PASSLOSS0'
[OCG][W][start_element src/OCG_parse_XML.c:247]One element could not be parsed : unknown element name 'LOGEMUL'
[OCG][I][call_emu src/OCG_call_emu.c:124]Emulation finished
[OCG][I][generate_report src/OCG_generate_report.c:82]A report of OCG is generated in directory "/nfs/emu_results/eurecom/20110228210258/"

[OCG][I][detect_file src/OCG_detect_file.c:68]Configuration file ".20110301174147.xml" is detected
[OCG][I][main src/OCG.c:105]An emulation for this file is initiated
[OCG][E][parse_filename src/OCG_parse_filename.c:68]Please use .xml file for configuration with the format "user_name.file_date.xml"
file_date = "year month day hour minute second" without space, 
e.g. 20100201193045 represents in the year 2010, February 1st, 19:30:45
[OCG][I][generate_report src/OCG_generate_report.c:82]A report of OCG is generated in directory "temp_output/"

[OCG][I][detect_file src/OCG_detect_file.c:68]Configuration file "eurecom.20110222090210.xml" is detected
[OCG][I][main src/OCG.c:105]An emulation for this file is initiated
[OCG][I][create_dir src/OCG_create_dir.c:62]Directory for current emulation is created
[OCG][W][start_element src/OCG_parse_XML.c:247]One element could not be parsed : unknown element name 'OSD'
[OCG][W][start_element src/OCG_parse_XML.c:247]One element could not be parsed : unknown element name 'USER'
[OCG][W][start_element src/OCG_parse_XML.c:247]One element could not be parsed : unknown element name 'PASSLOSSEXPONENT'
[OCG][W][start_element src/OCG_parse_XML.c:247]One element could not be parsed : unknown element name 'PASSLOSS0'
[OCG][W][start_element src/OCG_parse_XML.c:247]One element could not be parsed : unknown element name 'LOGEMUL'
[OCG][I][call_emu src/OCG_call_emu.c:124]Emulation finished
[OCG][I][generate_report src/OCG_generate_report.c:82]A report of OCG is generated in directory "/nfs/emu_results/eurecom/20110222090210/"

[OCG][I][detect_file src/OCG_detect_file.c:68]Configuration file "root.20110223150224.xml" is detected
[OCG][I][main src/OCG.c:105]An emulation for this file is initiated
[OCG][I][create_dir src/OCG_create_dir.c:62]Directory for current emulation is created
[OCG][W][start_element src/OCG_parse_XML.c:247]One element could not be parsed : unknown element name 'OSD'
[OCG][W][start_element src/OCG_parse_XML.c:247]One element could not be parsed : unknown element name 'USER'
[OCG][W][start_element src/OCG_parse_XML.c:247]One element could not be parsed : unknown element name 'PASSLOSSEXPONENT'
[OCG][W][start_element src/OCG_parse_XML.c:247]One element could not be parsed : unknown element name 'PASSLOSS0'
[OCG][W][start_element src/OCG_parse_XML.c:247]One element could not be parsed : unknown element name 'LOGEMUL'
[OCG][I][call_emu src/OCG_call_emu.c:124]Emulation finished
[OCG][I][generate_report src/OCG_generate_report.c:82]A report of OCG is generated in directory "/nfs/emu_results/root/20110223150224/"

[OCG][I][detect_file src/OCG_detect_file.c:68]Configuration file ".20110301160124.xml" is detected
[OCG][I][main src/OCG.c:105]An emulation for this file is initiated
[OCG][E][parse_filename src/OCG_parse_filename.c:68]Please use .xml file for configuration with the format "user_name.file_date.xml"
file_date = "year month day hour minute second" without space, 
e.g. 20100201193045 represents in the year 2010, February 1st, 19:30:45
[OCG][I][generate_report src/OCG_generate_report.c:82]A report of OCG is generated in directory "temp_output/"

[OCG][I][detect_file src/OCG_detect_file.c:68]Configuration file "root.20110223140223.xml" is detected
[OCG][I][main src/OCG.c:105]An emulation for this file is initiated
[OCG][I][create_dir src/OCG_create_dir.c:62]Directory for current emulation is created
[OCG][W][start_element src/OCG_parse_XML.c:247]One element could not be parsed : unknown element name 'OSD'
[OCG][W][start_element src/OCG_parse_XML.c:247]One element could not be parsed : unknown element name 'USER'
[OCG][W][start_element src/OCG_parse_XML.c:247]One element could not be parsed : unknown element name 'PASSLOSSEXPONENT'
[OCG][W][start_element src/OCG_parse_XML.c:247]One element could not be parsed : unknown element name 'PASSLOSS0'
[OCG][W][start_element src/OCG_parse_XML.c:247]One element could not be parsed : unknown element name 'LOGEMUL'
[OCG][I][call_emu src/OCG_call_emu.c:124]Emulation finished
[OCG][I][generate_report src/OCG_generate_report.c:82]A report of OCG is generated in directory "/nfs/emu_results/root/20110223140223/"

[OCG][I][detect_file src/OCG_detect_file.c:68]Configuration file "root.20110223120224.xml" is detected
[OCG][I][main src/OCG.c:105]An emulation for this file is initiated
[OCG][I][create_dir src/OCG_create_dir.c:62]Directory for current emulation is created
[OCG][W][start_element src/OCG_parse_XML.c:247]One element could not be parsed : unknown element name 'OSD'
[OCG][W][start_element src/OCG_parse_XML.c:247]One element could not be parsed : unknown element name 'USER'
[OCG][W][start_element src/OCG_parse_XML.c:247]One element could not be parsed : unknown element name 'PASSLOSSEXPONENT'
[OCG][W][start_element src/OCG_parse_XML.c:247]One element could not be parsed : unknown element name 'PASSLOSS0'
[OCG][W][start_element src/OCG_parse_XML.c:247]One element could not be parsed : unknown element name 'LOGEMUL'
[OCG][I][call_emu src/OCG_call_emu.c:124]Emulation finished
[OCG][I][generate_report src/OCG_generate_report.c:82]A report of OCG is generated in directory "/nfs/emu_results/root/20110223120224/"

[OCG][I][detect_file src/OCG_detect_file.c:68]Configuration file "root.20110301160142.xml" is detected
[OCG][I][main src/OCG.c:105]An emulation for this file is initiated
[OCG][I][create_dir src/OCG_create_dir.c:62]Directory for current emulation is created
[OCG][W][start_element src/OCG_parse_XML.c:247]One element could not be parsed : unknown element name 'OSD'
[OCG][W][start_element src/OCG_parse_XML.c:247]One element could not be parsed : unknown element name 'USER'
[OCG][W][start_element src/OCG_parse_XML.c:247]One element could not be parsed : unknown element name 'PASSLOSSEXPONENT'
[OCG][W][start_element src/OCG_parse_XML.c:247]One element could not be parsed : unknown element name 'PASSLOSS0'
[OCG][W][start_element src/OCG_parse_XML.c:247]One element could not be parsed : unknown element name 'LOGEMUL'
[OCG][I][call_emu src/OCG_call_emu.c:124]Emulation finished
[OCG][I][generate_report src/OCG_generate_report.c:82]A report of OCG is generated in directory "/nfs/emu_results/root/20110301160142/"

[OCG][I][detect_file src/OCG_detect_file.c:68]Configuration file ".20110301204038.xml" is detected
[OCG][I][main src/OCG.c:105]An emulation for this file is initiated
[OCG][E][parse_filename src/OCG_parse_filename.c:68]Please use .xml file for configuration with the format "user_name.file_date.xml"
file_date = "year month day hour minute second" without space, 
e.g. 20100201193045 represents in the year 2010, February 1st, 19:30:45
[OCG][I][generate_report src/OCG_generate_report.c:82]A report of OCG is generated in directory "temp_output/"

[OCG][I][detect_file src/OCG_detect_file.c:68]Configuration file "root.20110301160131.xml" is detected
[OCG][I][main src/OCG.c:105]An emulation for this file is initiated
[OCG][I][create_dir src/OCG_create_dir.c:62]Directory for current emulation is created
[OCG][W][start_element src/OCG_parse_XML.c:247]One element could not be parsed : unknown element name 'OSD'
[OCG][W][start_element src/OCG_parse_XML.c:247]One element could not be parsed : unknown element name 'USER'
[OCG][W][start_element src/OCG_parse_XML.c:247]One element could not be parsed : unknown element name 'PASSLOSSEXPONENT'
[OCG][W][start_element src/OCG_parse_XML.c:247]One element could not be parsed : unknown element name 'PASSLOSS0'
[OCG][W][start_element src/OCG_parse_XML.c:247]One element could not be parsed : unknown element name 'LOGEMUL'
[OCG][I][call_emu src/OCG_call_emu.c:124]Emulation finished
[OCG][I][generate_report src/OCG_generate_report.c:82]A report of OCG is generated in directory "/nfs/emu_results/root/20110301160131/"

[OCG][I][detect_file src/OCG_detect_file.c:68]Configuration file ".Array.xml" is detected
[OCG][I][main src/OCG.c:105]An emulation for this file is initiated
[OCG][E][parse_filename src/OCG_parse_filename.c:68]Please use .xml file for configuration with the format "user_name.file_date.xml"
file_date = "year month day hour minute second" without space, 
e.g. 20100201193045 represents in the year 2010, February 1st, 19:30:45
[OCG][I][generate_report src/OCG_generate_report.c:82]A report of OCG is generated in directory "temp_output/"

[OCG][I][main src/OCG.c:70]OCG starts ...

[OCG][I][detect_file src/OCG_detect_file.c:68]Configuration file "root.20110302110426.xml" is detected
[OCG][I][main src/OCG.c:105]An emulation for this file is initiated
[OCG][I][create_dir src/OCG_create_dir.c:62]Directory for current emulation is created
[OCG][W][start_element src/OCG_parse_XML.c:247]One element could not be parsed : unknown element name 'OSD'
[OCG][W][start_element src/OCG_parse_XML.c:247]One element could not be parsed : unknown element name 'USER'
[OCG][W][start_element src/OCG_parse_XML.c:247]One element could not be parsed : unknown element name 'PASSLOSSEXPONENT'
[OCG][W][start_element src/OCG_parse_XML.c:247]One element could not be parsed : unknown element name 'PASSLOSS0'
[OCG][W][start_element src/OCG_parse_XML.c:247]One element could not be parsed : unknown element name 'LOGEMUL'
[OCG][I][call_emu src/OCG_call_emu.c:124]Emulation finished
[OCG][I][generate_report src/OCG_generate_report.c:82]A report of OCG is generated in directory "/nfs/emu_results/root/20110302110426/"

[OCG][I][detect_file src/OCG_detect_file.c:68]Configuration file "root.20110302110504.xml" is detected
[OCG][I][main src/OCG.c:105]An emulation for this file is initiated
[OCG][I][create_dir src/OCG_create_dir.c:62]Directory for current emulation is created
[OCG][W][start_element src/OCG_parse_XML.c:247]One element could not be parsed : unknown element name 'OSD'
[OCG][W][start_element src/OCG_parse_XML.c:247]One element could not be parsed : unknown element name 'USER'
[OCG][W][start_element src/OCG_parse_XML.c:247]One element could not be parsed : unknown element name 'PASSLOSSEXPONENT'
[OCG][W][start_element src/OCG_parse_XML.c:247]One element could not be parsed : unknown element name 'PASSLOSS0'
[OCG][W][start_element src/OCG_parse_XML.c:247]One element could not be parsed : unknown element name 'LOGEMUL'
[OCG][I][call_emu src/OCG_call_emu.c:124]Emulation finished
[OCG][I][generate_report src/OCG_generate_report.c:82]A report of OCG is generated in directory "/nfs/emu_results/root/20110302110504/"

[OCG][I][main src/OCG.c:70]OCG starts ...

[OCG][I][detect_file src/OCG_detect_file.c:68]Configuration file "root.20110302110722.xml" is detected
[OCG][I][main src/OCG.c:105]An emulation for this file is initiated
[OCG][I][create_dir src/OCG_create_dir.c:62]Directory for current emulation is created
[OCG][W][start_element src/OCG_parse_XML.c:247]One element could not be parsed : unknown element name 'OSD'
[OCG][W][start_element src/OCG_parse_XML.c:247]One element could not be parsed : unknown element name 'USER'
[OCG][W][start_element src/OCG_parse_XML.c:247]One element could not be parsed : unknown element name 'PASSLOSSEXPONENT'
[OCG][W][start_element src/OCG_parse_XML.c:247]One element could not be parsed : unknown element name 'PASSLOSS0'
[OCG][I][call_emu src/OCG_call_emu.c:124]Emulation finished
[OCG][I][generate_report src/OCG_generate_report.c:82]A report of OCG is generated in directory "/nfs/emu_results/root/20110302110722/"

[OCG][I][main src/OCG.c:70]OCG starts ...

[OCG][I][detect_file src/OCG_detect_file.c:68]Configuration file "root.20110302111752.xml" is detected
[OCG][I][main src/OCG.c:105]An emulation for this file is initiated
[OCG][I][create_dir src/OCG_create_dir.c:62]Directory for current emulation is created
[OCG][W][start_element src/OCG_parse_XML.c:247]One element could not be parsed : unknown element name 'OSD'
[OCG][W][start_element src/OCG_parse_XML.c:247]One element could not be parsed : unknown element name 'USER'
[OCG][W][start_element src/OCG_parse_XML.c:247]One element could not be parsed : unknown element name 'PASSLOSSEXPONENT'
[OCG][W][start_element src/OCG_parse_XML.c:247]One element could not be parsed : unknown element name 'PASSLOSS0'
[OCG][I][parse_XML src/OCG_parse_XML.c:631]The configuration file is parsed
[OCG][I][call_emu src/OCG_call_emu.c:124]Emulation finished
[OCG][I][generate_report src/OCG_generate_report.c:82]A report of OCG is generated in directory "/nfs/emu_results/root/20110302111752/"

[OCG][I][main src/OCG.c:70]OCG starts ...

[OCG][I][detect_file src/OCG_detect_file.c:68]Configuration file "root.20110302113254.xml" is detected
[OCG][I][main src/OCG.c:105]An emulation for this file is initiated
[OCG][I][create_dir src/OCG_create_dir.c:62]Directory for current emulation is created
[OCG][W][start_element src/OCG_parse_XML.c:247]One element could not be parsed : unknown element name 'OSD'
[OCG][W][start_element src/OCG_parse_XML.c:247]One element could not be parsed : unknown element name 'USER'
[OCG][W][start_element src/OCG_parse_XML.c:247]One element could not be parsed : unknown element name 'PASSLOSSEXPONENT'
[OCG][W][start_element src/OCG_parse_XML.c:247]One element could not be parsed : unknown element name 'PASSLOSS0'
[OCG][I][parse_XML src/OCG_parse_XML.c:631]The configuration file is parsed
[OCG][I][call_emu src/OCG_call_emu.c:124]Emulation finished
[OCG][I][generate_report src/OCG_generate_report.c:82]A report of OCG is generated in directory "/nfs/emu_results/root/20110302113254/"

[OCG][I][detect_file src/OCG_detect_file.c:68]Configuration file "root.20110302113349.xml" is detected
[OCG][I][main src/OCG.c:105]An emulation for this file is initiated
[OCG][I][create_dir src/OCG_create_dir.c:62]Directory for current emulation is created
[OCG][W][start_element src/OCG_parse_XML.c:247]One element could not be parsed : unknown element name 'OSD'
[OCG][W][start_element src/OCG_parse_XML.c:247]One element could not be parsed : unknown element name 'USER'
[OCG][W][start_element src/OCG_parse_XML.c:247]One element could not be parsed : unknown element name 'PASSLOSSEXPONENT'
[OCG][W][start_element src/OCG_parse_XML.c:247]One element could not be parsed : unknown element name 'PASSLOSS0'
[OCG][I][parse_XML src/OCG_parse_XML.c:631]The configuration file is parsed
[OCG][I][call_emu src/OCG_call_emu.c:124]Emulation finished
[OCG][I][generate_report src/OCG_generate_report.c:82]A report of OCG is generated in directory "/nfs/emu_results/root/20110302113349/"

[OCG][I][detect_file src/OCG_detect_file.c:68]Configuration file "root.20110302113445.xml" is detected
[OCG][I][main src/OCG.c:105]An emulation for this file is initiated
[OCG][I][create_dir src/OCG_create_dir.c:62]Directory for current emulation is created
[OCG][W][start_element src/OCG_parse_XML.c:247]One element could not be parsed : unknown element name 'OSD'
[OCG][W][start_element src/OCG_parse_XML.c:247]One element could not be parsed : unknown element name 'USER'
[OCG][W][start_element src/OCG_parse_XML.c:247]One element could not be parsed : unknown element name 'PASSLOSSEXPONENT'
[OCG][W][start_element src/OCG_parse_XML.c:247]One element could not be parsed : unknown element name 'PASSLOSS0'
[OCG][I][parse_XML src/OCG_parse_XML.c:631]The configuration file is parsed
[OCG][I][call_emu src/OCG_call_emu.c:124]Emulation finished
[OCG][I][generate_report src/OCG_generate_report.c:82]A report of OCG is generated in directory "/nfs/emu_results/root/20110302113445/"

[OCG][I][main src/OCG.c:70]OCG starts ...

[OCG][I][detect_file src/OCG_detect_file.c:68]Configuration file "toto" is detected
[OCG][I][main src/OCG.c:105]An emulation for this file is initiated
[OCG][E][parse_filename src/OCG_parse_filename.c:68]Please use .xml file for configuration with the format "user_name.file_date.xml"
file_date = "year month day hour minute second" without space, 
e.g. 20100201193045 represents in the year 2010, February 1st, 19:30:45
[OCG][I][generate_report src/OCG_generate_report.c:82]A report of OCG is generated in directory "temp_output/"

[OCG][I][detect_file src/OCG_detect_file.c:68]Configuration file "root.20110302114559.xml" is detected
[OCG][I][main src/OCG.c:105]An emulation for this file is initiated
[OCG][I][create_dir src/OCG_create_dir.c:62]Directory for current emulation is created
[OCG][W][start_element src/OCG_parse_XML.c:247]One element could not be parsed : unknown element name 'OSD'
[OCG][W][start_element src/OCG_parse_XML.c:247]One element could not be parsed : unknown element name 'USER'
[OCG][W][start_element src/OCG_parse_XML.c:247]One element could not be parsed : unknown element name 'PASSLOSSEXPONENT'
[OCG][W][start_element src/OCG_parse_XML.c:247]One element could not be parsed : unknown element name 'PASSLOSS0'
[OCG][I][parse_XML src/OCG_parse_XML.c:631]The configuration file is parsed
[OCG][I][call_emu src/OCG_call_emu.c:124]Emulation finished
[OCG][I][generate_report src/OCG_generate_report.c:82]A report of OCG is generated in directory "/nfs/emu_results/root/20110302114559/"

[OCG][I][detect_file src/OCG_detect_file.c:68]Configuration file "root.20110302114617.xml" is detected
[OCG][I][main src/OCG.c:105]An emulation for this file is initiated
[OCG][I][create_dir src/OCG_create_dir.c:62]Directory for current emulation is created
[OCG][W][start_element src/OCG_parse_XML.c:247]One element could not be parsed : unknown element name 'OSD'
[OCG][W][start_element src/OCG_parse_XML.c:247]One element could not be parsed : unknown element name 'USER'
[OCG][W][start_element src/OCG_parse_XML.c:247]One element could not be parsed : unknown element name 'PASSLOSSEXPONENT'
[OCG][W][start_element src/OCG_parse_XML.c:247]One element could not be parsed : unknown element name 'PASSLOSS0'
[OCG][I][parse_XML src/OCG_parse_XML.c:631]The configuration file is parsed
[OCG][I][call_emu src/OCG_call_emu.c:124]Emulation finished
[OCG][I][generate_report src/OCG_generate_report.c:82]A report of OCG is generated in directory "/nfs/emu_results/root/20110302114617/"

[OCG][I][detect_file src/OCG_detect_file.c:68]Configuration file "root.20110302114629.xml" is detected
[OCG][I][main src/OCG.c:105]An emulation for this file is initiated
[OCG][I][create_dir src/OCG_create_dir.c:62]Directory for current emulation is created
[OCG][W][start_element src/OCG_parse_XML.c:247]One element could not be parsed : unknown element name 'OSD'
[OCG][W][start_element src/OCG_parse_XML.c:247]One element could not be parsed : unknown element name 'USER'
[OCG][W][start_element src/OCG_parse_XML.c:247]One element could not be parsed : unknown element name 'PASSLOSSEXPONENT'
[OCG][W][start_element src/OCG_parse_XML.c:247]One element could not be parsed : unknown element name 'PASSLOSS0'
[OCG][I][parse_XML src/OCG_parse_XML.c:631]The configuration file is parsed
[OCG][I][call_emu src/OCG_call_emu.c:124]Emulation finished
[OCG][I][generate_report src/OCG_generate_report.c:82]A report of OCG is generated in directory "/nfs/emu_results/root/20110302114629/"

[OCG][I][detect_file src/OCG_detect_file.c:68]Configuration file "root.20110302114716.xml" is detected
[OCG][I][main src/OCG.c:105]An emulation for this file is initiated
[OCG][I][create_dir src/OCG_create_dir.c:62]Directory for current emulation is created
[OCG][W][start_element src/OCG_parse_XML.c:247]One element could not be parsed : unknown element name 'OSD'
[OCG][W][start_element src/OCG_parse_XML.c:247]One element could not be parsed : unknown element name 'USER'
[OCG][W][start_element src/OCG_parse_XML.c:247]One element could not be parsed : unknown element name 'PASSLOSSEXPONENT'
[OCG][W][start_element src/OCG_parse_XML.c:247]One element could not be parsed : unknown element name 'PASSLOSS0'
[OCG][I][parse_XML src/OCG_parse_XML.c:631]The configuration file is parsed
[OCG][I][call_emu src/OCG_call_emu.c:124]Emulation finished
[OCG][I][generate_report src/OCG_generate_report.c:82]A report of OCG is generated in directory "/nfs/emu_results/root/20110302114716/"

[OCG][I][main src/OCG.c:70]OCG starts ...

[OCG][I][main src/OCG.c:70]OCG starts ...

[OCG][I][detect_file src/OCG_detect_file.c:68]Configuration file "root.20110302165754.xml" is detected
[OCG][I][main src/OCG.c:106]An emulation for this file is initiated
[OCG][I][create_dir src/OCG_create_dir.c:62]Directory for current emulation is created
[OCG][W][start_element src/OCG_parse_XML.c:247]One element could not be parsed : unknown element name 'OSD'
[OCG][W][start_element src/OCG_parse_XML.c:247]One element could not be parsed : unknown element name 'USER'
[OCG][W][start_element src/OCG_parse_XML.c:247]One element could not be parsed : unknown element name 'PASSLOSSEXPONENT'
[OCG][W][start_element src/OCG_parse_XML.c:247]One element could not be parsed : unknown element name 'PASSLOSS0'
[OCG][I][parse_XML src/OCG_parse_XML.c:631]The configuration file is parsed
[OCG][I][call_emu src/OCG_call_emu.c:124]Emulation finished
[OCG][I][generate_report src/OCG_generate_report.c:82]A report of OCG is generated in directory "/nfs/emu_results/root/20110302165754/"

[OCG][I][detect_file src/OCG_detect_file.c:68]Configuration file ".20110302165802.xml" is detected
[OCG][I][main src/OCG.c:106]An emulation for this file is initiated
[OCG][E][parse_filename src/OCG_parse_filename.c:68]Please use .xml file for configuration with the format "user_name.file_date.xml"
file_date = "year month day hour minute second" without space, 
e.g. 20100201193045 represents in the year 2010, February 1st, 19:30:45
[OCG][I][generate_report src/OCG_generate_report.c:82]A report of OCG is generated in directory "temp_output/"

[OCG][I][detect_file src/OCG_detect_file.c:68]Configuration file "root.20110302165836.xml" is detected
[OCG][I][main src/OCG.c:106]An emulation for this file is initiated
[OCG][I][create_dir src/OCG_create_dir.c:62]Directory for current emulation is created
[OCG][W][start_element src/OCG_parse_XML.c:247]One element could not be parsed : unknown element name 'OSD'
[OCG][W][start_element src/OCG_parse_XML.c:247]One element could not be parsed : unknown element name 'USER'
[OCG][W][start_element src/OCG_parse_XML.c:247]One element could not be parsed : unknown element name 'PASSLOSSEXPONENT'
[OCG][W][start_element src/OCG_parse_XML.c:247]One element could not be parsed : unknown element name 'PASSLOSS0'
[OCG][I][parse_XML src/OCG_parse_XML.c:631]The configuration file is parsed
[OCG][I][call_emu src/OCG_call_emu.c:124]Emulation finished
[OCG][I][generate_report src/OCG_generate_report.c:82]A report of OCG is generated in directory "/nfs/emu_results/root/20110302165836/"

[OCG][I][detect_file src/OCG_detect_file.c:68]Configuration file ".20110302165844.xml" is detected
[OCG][I][main src/OCG.c:106]An emulation for this file is initiated
[OCG][E][parse_filename src/OCG_parse_filename.c:68]Please use .xml file for configuration with the format "user_name.file_date.xml"
file_date = "year month day hour minute second" without space, 
e.g. 20100201193045 represents in the year 2010, February 1st, 19:30:45
[OCG][I][generate_report src/OCG_generate_report.c:82]A report of OCG is generated in directory "temp_output/"

[OCG][I][detect_file src/OCG_detect_file.c:68]Configuration file ".20110302165909.xml" is detected
[OCG][I][main src/OCG.c:106]An emulation for this file is initiated
[OCG][E][parse_filename src/OCG_parse_filename.c:68]Please use .xml file for configuration with the format "user_name.file_date.xml"
file_date = "year month day hour minute second" without space, 
e.g. 20100201193045 represents in the year 2010, February 1st, 19:30:45
[OCG][I][generate_report src/OCG_generate_report.c:82]A report of OCG is generated in directory "temp_output/"

[OCG][I][main src/OCG.c:70]OCG starts ...

[OCG][I][main src/OCG.c:70]OCG starts ...

[OCG][I][main src/OCG.c:70]OCG starts ...

[OCG][I][main src/OCG.c:70]OCG starts ...

[OCG][I][main src/OCG.c:70]OCG starts ...

[OCG][I][main src/OCG.c:70]OCG starts ...

[OCG][I][detect_file src/OCG_detect_file.c:68]Configuration file "root.20110303155203.xml" is detected
[OCG][I][main src/OCG.c:115]An emulation for this file is initiated
[OCG][I][create_dir src/OCG_create_dir.c:62]Directory for current emulation is created
[OCG][W][start_element src/OCG_parse_XML.c:247]One element could not be parsed : unknown element name 'OSD'
[OCG][W][start_element src/OCG_parse_XML.c:247]One element could not be parsed : unknown element name 'USER'
[OCG][W][start_element src/OCG_parse_XML.c:247]One element could not be parsed : unknown element name 'PASSLOSSEXPONENT'
[OCG][W][start_element src/OCG_parse_XML.c:247]One element could not be parsed : unknown element name 'PASSLOSS0'
[OCG][I][parse_XML src/OCG_parse_XML.c:631]The configuration file is parsed
[OCG][I][call_emu src/OCG_call_emu.c:124]Emulation finished
[OCG][I][generate_report src/OCG_generate_report.c:82]A report of OCG is generated in directory "/nfs/emu_results/root/20110303155203/"

[OCG][I][detect_file src/OCG_detect_file.c:68]Configuration file ".20110303161111.xml" is detected
[OCG][I][main src/OCG.c:115]An emulation for this file is initiated
[OCG][E][parse_filename src/OCG_parse_filename.c:68]Please use .xml file for configuration with the format "user_name.file_date.xml"
file_date = "year month day hour minute second" without space, 
e.g. 20100201193045 represents in the year 2010, February 1st, 19:30:45
[OCG][I][generate_report src/OCG_generate_report.c:82]A report of OCG is generated in directory "temp_output/"

[OCG][I][detect_file src/OCG_detect_file.c:68]Configuration file "root.20110303161013.xml" is detected
[OCG][I][main src/OCG.c:115]An emulation for this file is initiated
[OCG][I][create_dir src/OCG_create_dir.c:62]Directory for current emulation is created
[OCG][W][start_element src/OCG_parse_XML.c:247]One element could not be parsed : unknown element name 'OSD'
[OCG][W][start_element src/OCG_parse_XML.c:247]One element could not be parsed : unknown element name 'PASSLOSSEXPONENT'
[OCG][W][start_element src/OCG_parse_XML.c:247]One element could not be parsed : unknown element name 'PASSLOSS0'
[OCG][I][parse_XML src/OCG_parse_XML.c:631]The configuration file is parsed
[OCG][I][call_emu src/OCG_call_emu.c:124]Emulation finished
[OCG][I][generate_report src/OCG_generate_report.c:82]A report of OCG is generated in directory "/nfs/emu_results/root/20110303161013/"

[OCG][I][detect_file src/OCG_detect_file.c:68]Configuration file ".20110303155227.xml" is detected
[OCG][I][main src/OCG.c:115]An emulation for this file is initiated
[OCG][E][parse_filename src/OCG_parse_filename.c:68]Please use .xml file for configuration with the format "user_name.file_date.xml"
file_date = "year month day hour minute second" without space, 
e.g. 20100201193045 represents in the year 2010, February 1st, 19:30:45
[OCG][I][generate_report src/OCG_generate_report.c:82]A report of OCG is generated in directory "temp_output/"

[OCG][I][main src/OCG.c:70]OCG starts ...

[OCG][I][main src/OCG.c:70]OCG starts ...

[OCG][I][main src/OCG.c:70]OCG starts ...

